\BOOKMARK [0][-]{chapter*.1}{\376\377\144\130\000\040\211\201}{}% 1
\BOOKMARK [0][-]{chapter*.2}{\376\377\000\101\000\142\000\163\000\164\000\162\000\141\000\143\000\164}{}% 2
\BOOKMARK [0][-]{chapter.1}{\376\377\000\040\173\054\000\061\172\340\000\040\176\352\213\272}{}% 3
\BOOKMARK [1][-]{section.1.1}{\376\377\000\061\000\056\000\061\000\040\170\024\172\166\200\314\146\157\123\312\141\017\116\111}{chapter.1}% 4
\BOOKMARK [1][-]{section.1.2}{\376\377\000\061\000\056\000\062\000\040\122\006\145\160\226\066\137\256\171\357\122\006\164\006\213\272\151\202\217\360}{chapter.1}% 5
\BOOKMARK [1][-]{section.1.3}{\376\377\000\061\000\056\000\063\000\040\122\006\145\160\226\066\000\040\000\106\000\110\000\116\000\040\152\041\127\213\170\024\172\166\163\260\162\266}{chapter.1}% 6
\BOOKMARK [2][-]{subsection.1.3.1}{\376\377\000\061\000\056\000\063\000\056\000\061\000\040\122\006\145\160\226\066\000\040\000\106\000\110\000\116\000\040\152\041\127\213\166\204\145\160\120\074\145\271\154\325}{section.1.3}% 7
\BOOKMARK [2][-]{subsection.1.3.2}{\376\377\000\061\000\056\000\063\000\056\000\062\000\040\227\136\150\007\121\306\147\011\226\120\135\356\122\006\154\325\123\312\121\166\170\024\172\166\163\260\162\266}{section.1.3}% 8
\BOOKMARK [2][-]{subsection.1.3.3}{\376\377\000\061\000\056\000\063\000\056\000\063\000\040\131\032\221\315\177\121\150\074\173\227\154\325\123\312\121\166\170\024\172\166\163\260\162\266}{section.1.3}% 9
\BOOKMARK [1][-]{section.1.4}{\376\377\000\061\000\056\000\064\000\040\147\054\145\207\166\204\170\024\172\166\121\205\133\271\124\214\213\272\145\207\176\304\176\307\176\323\147\204}{chapter.1}% 10
\BOOKMARK [2][-]{subsection.1.4.1}{\376\377\000\061\000\056\000\064\000\056\000\061\000\040\116\073\211\201\170\024\172\166\121\205\133\271}{section.1.4}% 11
\BOOKMARK [2][-]{subsection.1.4.2}{\376\377\000\061\000\056\000\064\000\056\000\062\000\040\213\272\145\207\176\304\176\307\176\323\147\204}{section.1.4}% 12
\BOOKMARK [0][-]{chapter.2}{\376\377\000\040\173\054\000\062\172\340\000\040\122\006\145\160\226\066\133\374\145\160\166\204\127\372\147\054\164\006\213\272}{}% 13
\BOOKMARK [1][-]{section.2.1}{\376\377\000\062\000\056\000\061\000\040\000\107\000\141\000\155\000\155\000\141\000\040\121\375\145\160\133\232\116\111\123\312\121\166\140\047\215\050}{chapter.2}% 14
\BOOKMARK [1][-]{section.2.2}{\376\377\000\062\000\056\000\062\000\040\000\122\000\151\000\145\000\155\000\141\000\156\000\156\000\055\000\114\000\151\000\157\000\165\000\166\000\151\000\154\000\154\000\145\000\040\000\050\000\122\000\055\000\114\000\051\000\040\122\006\145\160\226\066\171\357\122\006\116\016\122\006\145\160\226\066\133\374\145\160}{chapter.2}% 15
\BOOKMARK [1][-]{section.2.3}{\376\377\000\062\000\056\000\063\000\040\000\107\000\162\000\374\000\155\000\167\000\141\000\154\000\144\000\055\000\114\000\145\000\164\000\156\000\151\000\153\000\157\000\166\000\040\000\050\000\107\000\055\000\114\000\051\000\040\122\006\145\160\226\066\133\374\145\160}{chapter.2}% 16
\BOOKMARK [2][-]{subsection.2.3.1}{\376\377\000\062\000\056\000\063\000\056\000\061\000\040\150\007\121\306\000\040\000\107\000\162\000\374\000\155\000\167\000\141\000\154\000\144\000\055\000\114\000\145\000\164\000\156\000\151\000\153\000\157\000\166\000\040\122\006\145\160\226\066\133\374\145\160}{section.2.3}% 17
\BOOKMARK [2][-]{subsection.2.3.2}{\376\377\000\062\000\056\000\063\000\056\000\062\000\040\171\373\117\115\166\204\000\040\000\107\000\162\000\374\000\155\000\167\000\141\000\154\000\144\000\055\000\114\000\145\000\164\000\156\000\151\000\153\000\157\000\166\000\040\122\006\145\160\226\066\133\374\145\160}{section.2.3}% 18
\BOOKMARK [1][-]{section.2.4}{\376\377\000\062\000\056\000\064\000\040\000\122\000\151\000\145\000\163\000\172\000\040\122\006\145\160\226\066\173\227\133\120}{chapter.2}% 19
\BOOKMARK [1][-]{section.2.5}{\376\377\000\062\000\056\000\065\000\040\147\054\172\340\134\017\176\323}{chapter.2}% 20
\BOOKMARK [0][-]{chapter.3}{\376\377\000\040\173\054\000\063\172\340\000\040\122\006\145\160\226\066\000\040\000\106\000\151\000\164\000\172\000\110\000\165\000\147\000\150\000\055\000\116\000\141\000\147\000\165\000\155\000\157\000\040\123\125\127\337\152\041\127\213}{}% 21
\BOOKMARK [1][-]{section.3.1}{\376\377\000\063\000\056\000\061\000\040\137\303\200\214\176\306\200\336\166\204\123\315\136\224\000\055\142\151\145\143\152\041\127\213}{chapter.3}% 22
\BOOKMARK [1][-]{section.3.2}{\376\377\000\063\000\056\000\062\000\040\172\172\225\364\122\006\145\160\226\066\000\040\000\106\000\110\000\116\000\040\123\125\127\337\152\041\127\213}{chapter.3}% 23
\BOOKMARK [2][-]{subsection.3.2.1}{\376\377\000\063\000\056\000\062\000\056\000\061\000\040\143\247\122\066\145\271\172\013}{section.3.2}% 24
\BOOKMARK [2][-]{subsection.3.2.2}{\376\377\000\063\000\056\000\062\000\056\000\062\000\040\122\035\217\271\120\074\147\141\116\366}{section.3.2}% 25
\BOOKMARK [1][-]{section.3.3}{\376\377\000\063\000\056\000\063\000\040\147\054\172\340\134\017\176\323}{chapter.3}% 26
\BOOKMARK [0][-]{chapter.4}{\376\377\000\040\173\054\000\064\172\340\000\040\122\006\145\160\226\066\000\040\000\106\000\110\000\116\000\040\152\041\127\213\166\204\135\356\122\006\145\271\154\325}{}% 27
\BOOKMARK [1][-]{section.4.1}{\376\377\000\064\000\056\000\061\000\040\122\006\145\160\226\066\000\040\000\106\000\110\000\116\000\040\152\041\127\213\166\204\150\007\121\306\147\011\226\120\135\356\122\006\145\271\154\325}{chapter.4}% 28
\BOOKMARK [2][-]{subsection.4.1.1}{\376\377\000\064\000\056\000\061\000\056\000\061\000\040\135\356\122\006\150\074\137\017\166\204\136\372\172\313}{section.4.1}% 29
\BOOKMARK [2][-]{subsection.4.1.2}{\376\377\000\064\000\056\000\061\000\056\000\062\000\040\172\063\133\232\140\047\122\006\147\220}{section.4.1}% 30
\BOOKMARK [2][-]{subsection.4.1.3}{\376\377\000\064\000\056\000\061\000\056\000\063\000\040\145\066\145\133\140\047\122\006\147\220}{section.4.1}% 31
\BOOKMARK [1][-]{section.4.2}{\376\377\000\064\000\056\000\062\000\040\122\006\145\160\226\066\000\040\000\106\000\110\000\116\000\040\152\041\127\213\166\204\227\136\150\007\121\306\147\011\226\120\135\356\122\006\145\271\154\325}{chapter.4}% 32
\BOOKMARK [2][-]{subsection.4.2.1}{\376\377\000\064\000\056\000\062\000\056\000\061\000\040\227\136\150\007\121\306\147\011\226\120\135\356\122\006\145\271\154\325\166\204\127\372\147\054\164\006\213\272}{section.4.2}% 33
\BOOKMARK [2][-]{subsection.4.2.2}{\376\377\000\064\000\056\000\062\000\056\000\062\000\040\145\071\217\333\166\204\227\136\150\007\121\306\147\011\226\120\135\356\122\006\145\271\154\325}{section.4.2}% 34
\BOOKMARK [2][-]{subsection.4.2.3}{\376\377\000\064\000\056\000\062\000\056\000\063\000\040\171\273\145\143\150\074\137\017\166\204\136\372\172\313}{section.4.2}% 35
\BOOKMARK [2][-]{subsection.4.2.4}{\376\377\000\064\000\056\000\062\000\056\000\064\000\040\172\063\133\232\140\047\122\006\147\220}{section.4.2}% 36
\BOOKMARK [2][-]{subsection.4.2.5}{\376\377\000\064\000\056\000\062\000\056\000\065\000\040\145\066\145\133\140\047\122\006\147\220}{section.4.2}% 37
\BOOKMARK [1][-]{section.4.3}{\376\377\000\064\000\056\000\063\000\040\147\054\172\340\134\017\176\323}{chapter.4}% 38
\BOOKMARK [0][-]{chapter.5}{\376\377\000\040\173\054\000\065\172\340\000\040\145\160\120\074\133\236\232\214}{}% 39
\BOOKMARK [1][-]{section.5.1}{\376\377\000\065\000\056\000\061\000\040\131\032\221\315\177\121\150\074\173\227\154\325}{chapter.5}% 40
\BOOKMARK [2][-]{subsection.5.1.1}{\376\377\000\065\000\056\000\061\000\056\000\061\000\040\131\032\221\315\177\121\150\074\166\204\127\372\147\054\164\006\213\272}{section.5.1}% 41
\BOOKMARK [2][-]{subsection.5.1.2}{\376\377\000\065\000\056\000\061\000\056\000\062\000\040\147\011\226\120\135\356\122\006\116\055\166\204\116\214\221\315\177\121\150\074\154\325}{section.5.1}% 42
\BOOKMARK [1][-]{section.5.2}{\376\377\000\065\000\056\000\062\000\040\145\160\120\074\173\227\117\213}{chapter.5}% 43
\BOOKMARK [2][-]{subsection.5.2.1}{\376\377\000\065\000\056\000\062\000\056\000\061\000\040\116\214\176\364\000\040\000\122\000\151\000\145\000\163\000\172\000\040\122\006\145\160\226\066\123\315\136\224\000\055\142\151\145\143\145\271\172\013}{section.5.2}% 44
\BOOKMARK [2][-]{subsection.5.2.2}{\376\377\000\065\000\056\000\062\000\056\000\062\000\040\116\214\176\364\000\040\000\122\000\151\000\145\000\163\000\172\000\040\172\172\225\364\122\006\145\160\226\066\000\040\000\106\000\110\000\116\000\040\152\041\127\213}{section.5.2}% 45
\BOOKMARK [1][-]{section.5.3}{\376\377\000\065\000\056\000\063\000\040\147\054\172\340\134\017\176\323}{chapter.5}% 46
\BOOKMARK [0][-]{chapter.6}{\376\377\000\040\173\054\000\066\172\340\000\040\140\073\176\323\116\016\134\125\147\033}{}% 47
\BOOKMARK [1][-]{section.6.1}{\376\377\000\066\000\056\000\061\000\040\135\345\117\134\140\073\176\323}{chapter.6}% 48
\BOOKMARK [1][-]{section.6.2}{\376\377\000\066\000\056\000\062\000\040\135\345\117\134\134\125\147\033}{chapter.6}% 49
\BOOKMARK [0][-]{chapter*.4}{\376\377\000\040\123\302\200\003\145\207\163\056}{}% 50
\BOOKMARK [0][-]{chapter*.5}{\376\377\133\146\147\057\213\272\145\207\123\321\210\150\140\305\121\265}{}% 51
\BOOKMARK [0][-]{chapter*.6}{\376\377\000\040\201\364\000\040\000\040\214\042}{}% 52
