This is pdfTeX, Version 3.1415926-2.3-1.40.12 (MiKTeX 2.9) (preloaded format=pdflatex 2016.4.5)  19 NOV 2018 19:33
entering extended mode
**BOOK.TEX

(C:\Users\Administrator\Desktop\éƒ­ç¾èŠ³\3ã€æ¯•ä¸šè®ºæ–‡\è®ºæ–‡ç”µå­ç‰ˆ\æ¯•ä
¸šè®ºæ–‡LATEX\BOOK.TEX
LaTeX2e <2011/06/27>
Babel <v3.8m> and hyphenation patterns for loaded.
(D:\CTEX\MiKTeX\tex\latex\base\book.cls
Document Class: book 2007/10/19 v1.4h Standard LaTeX document class
(D:\CTEX\MiKTeX\tex\latex\base\bk12.clo
File: bk12.clo 2007/10/19 v1.4h Standard LaTeX file (size option)
)
\c@part=\count79
\c@chapter=\count80
\c@section=\count81
\c@subsection=\count82
\c@subsubsection=\count83
\c@paragraph=\count84
\c@subparagraph=\count85
\c@figure=\count86
\c@table=\count87
\abovecaptionskip=\skip41
\belowcaptionskip=\skip42
\bibindent=\dimen102
)
(C:\Users\Administrator\Desktop\éƒ­ç¾èŠ³\3ã€æ¯•ä¸šè®ºæ–‡\è®ºæ–‡ç”µå­ç‰ˆ\æ¯•ä
¸šè®ºæ–‡LATEX\setup/package.tex (D:\CTEX\MiKTeX\tex\latex\cjk\CJK.sty
Package: CJK 2008/12/29 4.8.2

(D:\CTEX\MiKTeX\tex\latex\cjk\mule\MULEenc.sty
Package: MULEenc 2008/12/29 4.8.2
)
(D:\CTEX\MiKTeX\tex\latex\cjk\CJK.enc
File: CJK.enc 2008/12/29 4.8.2
)
LaTeX Info: Redefining \selectfont on input line 756.
\CJK@indent=\box26
)
(D:\CTEX\MiKTeX\tex\latex\cjk\CJKnumb.sty
Package: CJKnumb 2008/12/29 4.8.2
\CJK@q=\count88
\CJK@r=\count89
)
(D:\CTEX\MiKTeX\tex\latex\geometry\geometry.sty
Package: geometry 2010/09/12 v5.6 Page Geometry

(D:\CTEX\MiKTeX\tex\latex\graphics\keyval.sty
Package: keyval 1999/03/16 v1.13 key=value parser (DPC)
\KV@toks@=\toks14
)
(D:\CTEX\MiKTeX\tex\generic\oberdiek\ifpdf.sty
Package: ifpdf 2011/01/30 v2.3 Provides the ifpdf switch (HO)
Package ifpdf Info: pdfTeX in PDF mode is detected.
)
(D:\CTEX\MiKTeX\tex\generic\oberdiek\ifvtex.sty
Package: ifvtex 2010/03/01 v1.5 Switches for detecting VTeX and its modes (HO)
Package ifvtex Info: VTeX not detected.
)
(D:\CTEX\MiKTeX\tex\generic\ifxetex\ifxetex.sty
Package: ifxetex 2010/09/12 v0.6 Provides ifxetex conditional
)
\Gm@cnth=\count90
\Gm@cntv=\count91
\c@Gm@tempcnt=\count92
\Gm@bindingoffset=\dimen103
\Gm@wd@mp=\dimen104
\Gm@odd@mp=\dimen105
\Gm@even@mp=\dimen106
\Gm@layoutwidth=\dimen107
\Gm@layoutheight=\dimen108
\Gm@layouthoffset=\dimen109
\Gm@layoutvoffset=\dimen110
\Gm@dimlist=\toks15

(D:\CTEX\MiKTeX\tex\latex\geometry\geometry.cfg))
(D:\CTEX\MiKTeX\tex\latex\hyperref\hyperref.sty
Package: hyperref 2012/02/06 v6.82o Hypertext links for LaTeX

(D:\CTEX\MiKTeX\tex\generic\oberdiek\hobsub-hyperref.sty
Package: hobsub-hyperref 2011/04/23 v1.4 Bundle oberdiek, subset hyperref (HO)

(D:\CTEX\MiKTeX\tex\generic\oberdiek\hobsub-generic.sty
Package: hobsub-generic 2011/04/23 v1.4 Bundle oberdiek, subset generic (HO)
Package: hobsub 2011/04/23 v1.4 Subsetting bundle oberdiek (HO)
Package: infwarerr 2010/04/08 v1.3 Providing info/warning/message (HO)
Package: ltxcmds 2011/04/18 v1.20 LaTeX kernel commands for general use (HO)
Package: ifluatex 2010/03/01 v1.3 Provides the ifluatex switch (HO)
Package ifluatex Info: LuaTeX not detected.
Package hobsub Info: Skipping package `ifvtex' (already loaded).
Package: intcalc 2007/09/27 v1.1 Expandable integer calculations (HO)
Package hobsub Info: Skipping package `ifpdf' (already loaded).
Package: etexcmds 2011/02/16 v1.5 Prefix for e-TeX command names (HO)
Package etexcmds Info: Could not find \expanded.
(etexcmds)             That can mean that you are not using pdfTeX 1.50 or
(etexcmds)             that some package has redefined \expanded.
(etexcmds)             In the latter case, load this package earlier.
Package: kvsetkeys 2011/04/07 v1.13 Key value parser (HO)
Package: kvdefinekeys 2011/04/07 v1.3 Defining keys (HO)
Package: pdftexcmds 2011/04/22 v0.16 Utilities of pdfTeX for LuaTeX (HO)
Package pdftexcmds Info: LuaTeX not detected.
Package pdftexcmds Info: \pdf@primitive is available.
Package pdftexcmds Info: \pdf@ifprimitive is available.
Package pdftexcmds Info: \pdfdraftmode found.
Package: pdfescape 2011/04/04 v1.12 Provides string conversions (HO)
Package: bigintcalc 2011/01/30 v1.2 Expandable big integer calculations (HO)
Package: bitset 2011/01/30 v1.1 Data type bit set (HO)
Package: uniquecounter 2011/01/30 v1.2 Provides unlimited unique counter (HO)
)
Package hobsub Info: Skipping package `hobsub' (already loaded).
Package: letltxmacro 2010/09/02 v1.4 Let assignment for LaTeX macros (HO)
Package: hopatch 2011/01/30 v1.0 Wrapper for package hooks (HO)
Package: xcolor-patch 2011/01/30 xcolor patch
Package: atveryend 2011/04/23 v1.7 Hooks at very end of document (HO)
Package: atbegshi 2011/01/30 v1.15 At begin shipout hook (HO)
Package: refcount 2010/12/01 v3.2 Data extraction from references (HO)
Package: hycolor 2011/01/30 v1.7 Color options of hyperref/bookmark (HO)
)
(D:\CTEX\MiKTeX\tex\latex\oberdiek\kvoptions.sty
Package: kvoptions 2010/12/23 v3.10 Keyval support for LaTeX options (HO)
)
\@linkdim=\dimen111
\Hy@linkcounter=\count93
\Hy@pagecounter=\count94

(D:\CTEX\MiKTeX\tex\latex\hyperref\pd1enc.def
File: pd1enc.def 2012/02/06 v6.82o Hyperref: PDFDocEncoding definition (HO)
)
\Hy@SavedSpaceFactor=\count95

(D:\CTEX\MiKTeX\tex\latex\00miktex\hyperref.cfg
File: hyperref.cfg 2002/06/06 v1.2 hyperref configuration of TeXLive
)
Package hyperref Info: Option `CJKbookmarks' set `true' on input line 3925.
Package hyperref Info: Option `colorlinks' set `true' on input line 3925.
Package hyperref Info: Option `bookmarksnumbered' set `true' on input line 3925
.
Package hyperref Info: Hyper figures OFF on input line 4046.
Package hyperref Info: Link nesting OFF on input line 4051.
Package hyperref Info: Hyper index ON on input line 4054.
Package hyperref Info: Plain pages OFF on input line 4061.
Package hyperref Info: Backreferencing OFF on input line 4066.
Package hyperref Info: Implicit mode ON; LaTeX internals redefined.
Package hyperref Info: Bookmarks ON on input line 4284.
\c@Hy@tempcnt=\count96

(D:\CTEX\MiKTeX\tex\latex\ltxmisc\url.sty
\Urlmuskip=\muskip10
Package: url 2006/04/12  ver 3.3  Verb mode for urls, etc.
)
LaTeX Info: Redefining \url on input line 4637.
\Fld@menulength=\count97
\Field@Width=\dimen112
\Fld@charsize=\dimen113
Package hyperref Info: Hyper figures OFF on input line 5757.
Package hyperref Info: Link nesting OFF on input line 5762.
Package hyperref Info: Hyper index ON on input line 5765.
Package hyperref Info: backreferencing OFF on input line 5772.
Package hyperref Info: Link coloring ON on input line 5775.
Package hyperref Info: Link coloring with OCG OFF on input line 5782.
Package hyperref Info: PDF/A mode OFF on input line 5787.
LaTeX Info: Redefining \ref on input line 5827.
LaTeX Info: Redefining \pageref on input line 5831.
\Hy@abspage=\count98
\c@Item=\count99
\c@Hfootnote=\count100
)

Package hyperref Message: Driver (autodetected): hpdftex.

(D:\CTEX\MiKTeX\tex\latex\hyperref\hpdftex.def
File: hpdftex.def 2012/02/06 v6.82o Hyperref driver for pdfTeX
\Fld@listcount=\count101
\c@bookmark@seq@number=\count102

(D:\CTEX\MiKTeX\tex\latex\oberdiek\rerunfilecheck.sty
Package: rerunfilecheck 2011/04/15 v1.7 Rerun checks for auxiliary files (HO)
Package uniquecounter Info: New unique counter `rerunfilecheck' on input line 2
82.
)
\Hy@SectionHShift=\skip43
)
(D:\CTEX\MiKTeX\tex\latex\graphics\graphicx.sty
Package: graphicx 1999/02/16 v1.0f Enhanced LaTeX Graphics (DPC,SPQR)

(D:\CTEX\MiKTeX\tex\latex\graphics\graphics.sty
Package: graphics 2009/02/05 v1.0o Standard LaTeX Graphics (DPC,SPQR)

(D:\CTEX\MiKTeX\tex\latex\graphics\trig.sty
Package: trig 1999/03/16 v1.09 sin cos tan (DPC)
)
(D:\CTEX\MiKTeX\tex\latex\00miktex\graphics.cfg
File: graphics.cfg 2007/01/18 v1.5 graphics configuration of teTeX/TeXLive
)
Package graphics Info: Driver file: pdftex.def on input line 91.

(D:\CTEX\MiKTeX\tex\latex\pdftex-def\pdftex.def
File: pdftex.def 2011/05/27 v0.06d Graphics/color for pdfTeX
\Gread@gobject=\count103
))
\Gin@req@height=\dimen114
\Gin@req@width=\dimen115
)
(D:\CTEX\MiKTeX\tex\latex\subfigure\subfigure.sty
Package: subfigure 2002/07/30 v2.1.4 subfigure package
\subfigtopskip=\skip44
\subfigcapskip=\skip45
\subfigcaptopadj=\dimen116
\subfigbottomskip=\skip46
\subfigcapmargin=\dimen117
\subfiglabelskip=\skip47
\c@subfigure=\count104
\c@lofdepth=\count105
\c@subtable=\count106
\c@lotdepth=\count107

****************************************
* Local config file subfigure.cfg used *
****************************************
(D:\CTEX\MiKTeX\tex\latex\subfigure\subfigure.cfg)
\subfig@top=\skip48
\subfig@bottom=\skip49
)
(D:\CTEX\CTeX\tex\latex\ccmap\ccmap.sty
Package: ccmap 2006/11/18
\CCT@hooka@@=\toks16
)
(D:\CTEX\MiKTeX\tex\latex\fancyhdr\fancyhdr.sty
\fancy@headwidth=\skip50
\f@ncyO@elh=\skip51
\f@ncyO@erh=\skip52
\f@ncyO@olh=\skip53
\f@ncyO@orh=\skip54
\f@ncyO@elf=\skip55
\f@ncyO@erf=\skip56
\f@ncyO@olf=\skip57
\f@ncyO@orf=\skip58
)
(D:\CTEX\MiKTeX\tex\latex\footmisc\footmisc.sty
Package: footmisc 2011/06/06 v5.5b a miscellany of footnote facilities
\FN@temptoken=\toks17
\footnotemargin=\dimen118
\c@pp@next@reset=\count108
\c@@fnserial=\count109
Package footmisc Info: Declaring symbol style bringhurst on input line 855.
Package footmisc Info: Declaring symbol style chicago on input line 863.
Package footmisc Info: Declaring symbol style wiley on input line 872.
Package footmisc Info: Declaring symbol style lamport-robust on input line 883.

Package footmisc Info: Declaring symbol style lamport* on input line 903.
Package footmisc Info: Declaring symbol style lamport*-robust on input line 924
.
)
(D:\CTEX\MiKTeX\tex\latex\titlesec\titlesec.sty
Package: titlesec 2011/12/15 v2.10.0 Sectioning titles
\ttl@box=\box27
\beforetitleunit=\skip59
\aftertitleunit=\skip60
\ttl@plus=\dimen119
\ttl@minus=\dimen120
\ttl@toksa=\toks18
\titlewidth=\dimen121
\titlewidthlast=\dimen122
\titlewidthfirst=\dimen123
)
(D:\CTEX\MiKTeX\tex\latex\titlesec\titletoc.sty
Package: titletoc 2011/12/15 v1.6 TOC entries
\ttl@leftsep=\dimen124
)
(D:\CTEX\MiKTeX\tex\latex\caption\caption2.sty
Package: caption2 2011/08/12 v2.2d Customising captions (AR)


Package caption2 Warning: ****************************************************
(caption2)                THIS PACKAGE IS OBSOLETE:
(caption2)                This package attempts to provide an `caption2'
(caption2)                package v2.0/2.1 author environment so that OLD
(caption2)                documents can be successfully processed. It should
(caption2)                NOT be used for NEW documents! New documents should
(caption2)                use the regular `caption' package v3.x instead.
(caption2)                ****************************************************

(D:\CTEX\MiKTeX\tex\latex\caption\caption3.sty
Package: caption3 2011/11/01 v1.4a caption3 kernel (AR)
\captionmargin=\dimen125
\captionmargin@=\dimen126
\captionwidth=\dimen127
\caption@indent=\dimen128
\caption@parindent=\dimen129
\caption@hangindent=\dimen130
)
Package caption2 Info: Running in caption2 v2.0 compatibility mode on input lin
e 210.
\captionlinewidth=\dimen131
\realcaptionwidth=\dimen132
Package caption2 Info: subfigure package v2.1 (or newer) detected on input line
 438.
\subfigcapwidth=\dimen133
\subcapindent=\dimen134
)
(D:\CTEX\MiKTeX\tex\latex\setspace\setspace.sty
Package: setspace 2011/12/19 v6.7a set line spacing
)
(D:\CTEX\MiKTeX\tex\latex\graphics\color.sty
Package: color 2005/11/14 v1.0j Standard LaTeX Color (DPC)

(D:\CTEX\MiKTeX\tex\latex\00miktex\color.cfg
File: color.cfg 2007/01/18 v1.5 color configuration of teTeX/TeXLive
)
Package color Info: Driver file: pdftex.def on input line 130.

(D:\CTEX\MiKTeX\tex\latex\graphics\dvipsnam.def
File: dvipsnam.def 1999/02/16 v3.0i Driver-dependant file (DPC,SPQR)
))
(D:\CTEX\MiKTeX\tex\latex\colortbl\colortbl.sty
Package: colortbl 2001/02/13 v0.1j Color table columns (DPC)

(D:\CTEX\MiKTeX\tex\latex\tools\array.sty
Package: array 2008/09/09 v2.4c Tabular extension package (FMi)
\col@sep=\dimen135
\extrarowheight=\dimen136
\NC@list=\toks19
\extratabsurround=\skip61
\backup@length=\skip62
)
\everycr=\toks20
\minrowclearance=\skip63
)
(D:\CTEX\MiKTeX\tex\latex\multirow\multirow.sty
\bigstrutjot=\dimen137
)
(D:\CTEX\CTeX\tex\latex\cct\everb.sty
Package: everb 2006/11/10 0.2.10
 0.2.10 [2006/11/10]
\everb@width=\dimen138
\everb@dima=\dimen139
\everb@charcnt=\count110
\everb@group@level=\count111
\everb@toks=\toks21
\everb@toks@save=\toks22
\everb@check@save=\toks23
\everb@boxa=\box28
\c@everb@lineno=\count112
\c@everb@fileno=\count113
\@tempboxb=\box29
\fboxradius=\dimen140
)
(D:\CTEX\MiKTeX\tex\latex\fancybox\fancybox.sty
Package: fancybox 2010/05/15 1.4

Style option: `fancybox' v1.4 <2010/05/15> (tvz)
\@fancybox=\box30
\shadowsize=\dimen141
\@Sbox=\box31
\do@VerbBox=\toks24
\the@fancyput=\toks25
\this@fancyput=\toks26
\EndVerbatimTokens=\toks27
\Verbatim@Outfile=\write3
\Verbatim@Infile=\read1
) (D:\CTEX\MiKTeX\tex\latex\tools\multicol.sty
Package: multicol 2011/06/27 v1.7a multicolumn formatting (FMi)
\c@tracingmulticols=\count114
\mult@box=\box32
\multicol@leftmargin=\dimen142
\c@unbalance=\count115
\c@collectmore=\count116
\doublecol@number=\count117
\multicoltolerance=\count118
\multicolpretolerance=\count119
\full@width=\dimen143
\page@free=\dimen144
\premulticols=\dimen145
\postmulticols=\dimen146
\multicolsep=\skip64
\multicolbaselineskip=\skip65
\partial@page=\box33
\last@line=\box34
\mult@rightbox=\box35
\mult@grightbox=\box36
\mult@gfirstbox=\box37
\mult@firstbox=\box38
\@tempa=\box39
\@tempa=\box40
\@tempa=\box41
\@tempa=\box42
\@tempa=\box43
\@tempa=\box44
\@tempa=\box45
\@tempa=\box46
\@tempa=\box47
\@tempa=\box48
\@tempa=\box49
\@tempa=\box50
\@tempa=\box51
\@tempa=\box52
\@tempa=\box53
\@tempa=\box54
\@tempa=\box55
\c@columnbadness=\count120
\c@finalcolumnbadness=\count121
\last@try=\dimen147
\multicolovershoot=\dimen148
\multicolundershoot=\dimen149
\mult@nat@firstbox=\box56
\colbreak@box=\box57
\multicol@sort@counter=\count122
)
(D:\CTEX\MiKTeX\tex\latex\extarrows\extarrows.sty
Package: extarrows 2008/05/15 v1.0b Some extensible arrows

(D:\CTEX\MiKTeX\tex\latex\ams\math\amsmath.sty
Package: amsmath 2000/07/18 v2.13 AMS math features
\@mathmargin=\skip66

For additional information on amsmath, use the `?' option.
(D:\CTEX\MiKTeX\tex\latex\ams\math\amstext.sty
Package: amstext 2000/06/29 v2.01

(D:\CTEX\MiKTeX\tex\latex\ams\math\amsgen.sty
File: amsgen.sty 1999/11/30 v2.0
\@emptytoks=\toks28
\ex@=\dimen150
))
(D:\CTEX\MiKTeX\tex\latex\ams\math\amsbsy.sty
Package: amsbsy 1999/11/29 v1.2d
\pmbraise@=\dimen151
)
(D:\CTEX\MiKTeX\tex\latex\ams\math\amsopn.sty
Package: amsopn 1999/12/14 v2.01 operator names
)
\inf@bad=\count123
LaTeX Info: Redefining \frac on input line 211.
\uproot@=\count124
\leftroot@=\count125
LaTeX Info: Redefining \overline on input line 307.
\classnum@=\count126
\DOTSCASE@=\count127
LaTeX Info: Redefining \ldots on input line 379.
LaTeX Info: Redefining \dots on input line 382.
LaTeX Info: Redefining \cdots on input line 467.
\Mathstrutbox@=\box58
\strutbox@=\box59
\big@size=\dimen152
LaTeX Font Info:    Redeclaring font encoding OML on input line 567.
LaTeX Font Info:    Redeclaring font encoding OMS on input line 568.
\macc@depth=\count128
\c@MaxMatrixCols=\count129
\dotsspace@=\muskip11
\c@parentequation=\count130
\dspbrk@lvl=\count131
\tag@help=\toks29
\row@=\count132
\column@=\count133
\maxfields@=\count134
\andhelp@=\toks30
\eqnshift@=\dimen153
\alignsep@=\dimen154
\tagshift@=\dimen155
\tagwidth@=\dimen156
\totwidth@=\dimen157
\lineht@=\dimen158
\@envbody=\toks31
\multlinegap=\skip67
\multlinetaggap=\skip68
\mathdisplay@stack=\toks32
LaTeX Info: Redefining \[ on input line 2666.
LaTeX Info: Redefining \] on input line 2667.
))
(D:\CTEX\MiKTeX\tex\latex\wasysym\wasysym.sty
Package: wasysym 2003/10/30 v2.0 Wasy-2 symbol support package
\symwasy=\mathgroup4
LaTeX Font Info:    Overwriting symbol font `wasy' in version `bold'
(Font)                  U/wasy/m/n --> U/wasy/b/n on input line 90.
)
(D:\CTEX\MiKTeX\tex\latex\tools\indentfirst.sty
Package: indentfirst 1995/11/23 v1.03 Indent first paragraph (DPC)
)
(D:\CTEX\MiKTeX\tex\latex\psnfss\times.sty
Package: times 2005/04/12 PSNFSS-v9.2a (SPQR) 
)
(D:\CTEX\MiKTeX\tex\latex\amsfonts\amssymb.sty
Package: amssymb 2009/06/22 v3.00

(D:\CTEX\MiKTeX\tex\latex\amsfonts\amsfonts.sty
Package: amsfonts 2009/06/22 v3.00 Basic AMSFonts support
\symAMSa=\mathgroup5
\symAMSb=\mathgroup6
LaTeX Font Info:    Overwriting math alphabet `\mathfrak' in version `bold'
(Font)                  U/euf/m/n --> U/euf/b/n on input line 96.
))
(D:\CTEX\MiKTeX\tex\latex\jknappen\mathrsfs.sty
Package: mathrsfs 1996/01/01 Math RSFS package v1.0 (jk)
\symrsfs=\mathgroup7
)
(D:\CTEX\MiKTeX\tex\latex\tools\bm.sty
Package: bm 2004/02/26 v1.1c Bold Symbol Support (DPC/FMi)
\symboldoperators=\mathgroup8
\symboldletters=\mathgroup9
\symboldsymbols=\mathgroup10
\symboldwasy=\mathgroup11
LaTeX Font Info:    Redeclaring math alphabet \mathbf on input line 138.
LaTeX Info: Redefining \bm on input line 204.
)
(D:\CTEX\MiKTeX\tex\latex\ntheorem\ntheorem.sty
Style `ntheorem', Version 1.31 <2011/02/16>
Package: ntheorem 2011/02/16 1.31
(D:\CTEX\MiKTeX\tex\latex\base\ifthen.sty
Package: ifthen 2001/05/26 v1.1c Standard LaTeX ifthen package (DPC)
)
\theorem@style=\toks33
\theorem@@style=\toks34
\theorembodyfont=\toks35
\theoremnumbering=\toks36
\theorempreskipamount=\skip69
\theorempostskipamount=\skip70
\theoremframepreskipamount=\skip71
\theoremframepostskipamount=\skip72
\theoremindent=\dimen159
\theorem@indent=\dimen160
\theoremheaderfont=\toks37
\theoremseparator=\toks38
\theoremprework=\toks39
\theorempostwork=\toks40
\theoremsymbol=\toks41
\qedsymbol=\toks42
\theoremkeyword=\toks43
\qedsymbol=\toks44
\thm@topsepadd=\skip73
Package ntheorem Info: Option `thmmarks' loaded on input line 1066.
\c@endNonectr=\count135
\c@currNonectr=\count136
\mysavskip=\skip74
Package ntheorem Info: option `amsmath' handling for `thmmarks' loaded on input
 line 1066.
\thm@amstmpdepth=\dimen161
\tagwidth=\dimen162
)
(D:\CTEX\MiKTeX\tex\latex\base\flafter.sty
Package: flafter 2000/07/23 v1.2i Standard LaTeX floats after reference (FMi)
)
(D:\CTEX\MiKTeX\tex\latex\floatflt\floatflt.sty
Package: floatflt 1997/07/16 v. 1.31
\c@OptionTest=\count137
\figbox=\box60
\tabbox=\box61
\pagebox=\box62
\ffigcount=\count138
\ftabcount=\count139
\fftest=\count140
\hangcount=\count141
\nosuccesstryfig=\count142
\nosuccesstrytab=\count143
\figgutter=\dimen163
\tabgutter=\dimen164
\htdone=\dimen165
\pageht=\dimen166
\startpageht=\dimen167
\tabbredd=\dimen168
\floatfltwidth=\dimen169
\fltitemwidth=\dimen170
\outputpretest=\toks45
)
(D:\CTEX\MiKTeX\tex\latex\fancyref\fancyref.sty
Package: fancyref 1999/02/03 v0.9c Fancy cross-referencing

(D:\CTEX\MiKTeX\tex\latex\tools\varioref.sty
Package: varioref 2011/10/02 v1.4z package for extended references (FMi)
\c@vrcnt=\count144
)))
(D:\CTEX\MiKTeX\tex\latex\cite\cite.sty
LaTeX Info: Redefining \cite on input line 302.
LaTeX Info: Redefining \nocite on input line 373.
Package: cite 2010/09/10  v 5.3
)
(C:\Users\Administrator\Desktop\éƒ­ç¾èŠ³\3ã€æ¯•ä¸šè®ºæ–‡\è®ºæ–‡ç”µå­ç‰ˆ\æ¯•ä
¸šè®ºæ–‡LATEX\BOOK.aux
(C:\Users\Administrator\Desktop\éƒ­ç¾èŠ³\3ã€æ¯•ä¸šè®ºæ–‡\è®ºæ–‡ç”µå­ç‰ˆ\æ¯•ä
¸šè®ºæ–‡LATEX\preface/c_abstract.aux)
(C:\Users\Administrator\Desktop\éƒ­ç¾èŠ³\3ã€æ¯•ä¸šè®ºæ–‡\è®ºæ–‡ç”µå­ç‰ˆ\æ¯•ä
¸šè®ºæ–‡LATEX\preface/e_abstract.aux)
(C:\Users\Administrator\Desktop\éƒ­ç¾èŠ³\3ã€æ¯•ä¸šè®ºæ–‡\è®ºæ–‡ç”µå­ç‰ˆ\æ¯•ä
¸šè®ºæ–‡LATEX\book/chap1.aux)
(C:\Users\Administrator\Desktop\éƒ­ç¾èŠ³\3ã€æ¯•ä¸šè®ºæ–‡\è®ºæ–‡ç”µå­ç‰ˆ\æ¯•ä
¸šè®ºæ–‡LATEX\book/chap2.aux)
(C:\Users\Administrator\Desktop\éƒ­ç¾èŠ³\3ã€æ¯•ä¸šè®ºæ–‡\è®ºæ–‡ç”µå­ç‰ˆ\æ¯•ä
¸šè®ºæ–‡LATEX\book/chap3.aux)
(C:\Users\Administrator\Desktop\éƒ­ç¾èŠ³\3ã€æ¯•ä¸šè®ºæ–‡\è®ºæ–‡ç”µå­ç‰ˆ\æ¯•ä
¸šè®ºæ–‡LATEX\book/chap4.aux)
(C:\Users\Administrator\Desktop\éƒ­ç¾èŠ³\3ã€æ¯•ä¸šè®ºæ–‡\è®ºæ–‡ç”µå­ç‰ˆ\æ¯•ä
¸šè®ºæ–‡LATEX\book/chap5.aux)
(C:\Users\Administrator\Desktop\éƒ­ç¾èŠ³\3ã€æ¯•ä¸šè®ºæ–‡\è®ºæ–‡ç”µå­ç‰ˆ\æ¯•ä
¸šè®ºæ–‡LATEX\book/chap6.aux)
(C:\Users\Administrator\Desktop\éƒ­ç¾èŠ³\3ã€æ¯•ä¸šè®ºæ–‡\è®ºæ–‡ç”µå­ç‰ˆ\æ¯•ä
¸šè®ºæ–‡LATEX\reference/references.aux)
(C:\Users\Administrator\Desktop\éƒ­ç¾èŠ³\3ã€æ¯•ä¸šè®ºæ–‡\è®ºæ–‡ç”µå­ç‰ˆ\æ¯•ä
¸šè®ºæ–‡LATEX\APPENDIX/publishedpaper.aux)
(C:\Users\Administrator\Desktop\éƒ­ç¾èŠ³\3ã€æ¯•ä¸šè®ºæ–‡\è®ºæ–‡ç”µå­ç‰ˆ\æ¯•ä
¸šè®ºæ–‡LATEX\APPENDIX/acknowledgements.aux))
LaTeX Font Info:    Checking defaults for OML/cmm/m/it on input line 3.
LaTeX Font Info:    ... okay on input line 3.
LaTeX Font Info:    Checking defaults for T1/cmr/m/n on input line 3.
LaTeX Font Info:    ... okay on input line 3.
LaTeX Font Info:    Checking defaults for OT1/cmr/m/n on input line 3.
LaTeX Font Info:    ... okay on input line 3.
LaTeX Font Info:    Checking defaults for OMS/cmsy/m/n on input line 3.
LaTeX Font Info:    ... okay on input line 3.
LaTeX Font Info:    Checking defaults for OMX/cmex/m/n on input line 3.
LaTeX Font Info:    ... okay on input line 3.
LaTeX Font Info:    Checking defaults for U/cmr/m/n on input line 3.
LaTeX Font Info:    ... okay on input line 3.
LaTeX Font Info:    Checking defaults for C00/song/m/n on input line 3.
LaTeX Font Info:    ... okay on input line 3.
LaTeX Font Info:    Checking defaults for C05/song/m/n on input line 3.
LaTeX Font Info:    ... okay on input line 3.
LaTeX Font Info:    Checking defaults for C09/song/m/n on input line 3.
LaTeX Font Info:    ... okay on input line 3.
LaTeX Font Info:    Checking defaults for C10/song/m/n on input line 3.
LaTeX Font Info:    ... okay on input line 3.
LaTeX Font Info:    Checking defaults for C20/song/m/n on input line 3.
LaTeX Font Info:    ... okay on input line 3.
LaTeX Font Info:    Checking defaults for C19/song/m/n on input line 3.
LaTeX Font Info:    ... okay on input line 3.
LaTeX Font Info:    Checking defaults for C40/song/m/n on input line 3.
LaTeX Font Info:    ... okay on input line 3.
LaTeX Font Info:    Checking defaults for C42/song/m/n on input line 3.
LaTeX Font Info:    ... okay on input line 3.
LaTeX Font Info:    Checking defaults for C43/song/m/n on input line 3.
LaTeX Font Info:    ... okay on input line 3.
LaTeX Font Info:    Checking defaults for C50/song/m/n on input line 3.
LaTeX Font Info:    ... okay on input line 3.
LaTeX Font Info:    Checking defaults for C52/song/m/n on input line 3.
LaTeX Font Info:    ... okay on input line 3.
LaTeX Font Info:    Checking defaults for C49/song/m/n on input line 3.
LaTeX Font Info:    ... okay on input line 3.
LaTeX Font Info:    Checking defaults for C60/mj/m/n on input line 3.
LaTeX Font Info:    ... okay on input line 3.
LaTeX Font Info:    Checking defaults for C61/mj/m/n on input line 3.
LaTeX Font Info:    ... okay on input line 3.
LaTeX Font Info:    Checking defaults for C63/mj/m/n on input line 3.
LaTeX Font Info:    ... okay on input line 3.
LaTeX Font Info:    Checking defaults for C64/mj/m/n on input line 3.
LaTeX Font Info:    ... okay on input line 3.
LaTeX Font Info:    Checking defaults for C65/mj/m/n on input line 3.
LaTeX Font Info:    ... okay on input line 3.
LaTeX Font Info:    Checking defaults for C70/song/m/n on input line 3.
LaTeX Font Info:    ... okay on input line 3.
LaTeX Font Info:    Checking defaults for C31/song/m/n on input line 3.
LaTeX Font Info:    ... okay on input line 3.
LaTeX Font Info:    Checking defaults for C32/song/m/n on input line 3.
LaTeX Font Info:    ... okay on input line 3.
LaTeX Font Info:    Checking defaults for C33/song/m/n on input line 3.
LaTeX Font Info:    ... okay on input line 3.
LaTeX Font Info:    Checking defaults for C34/song/m/n on input line 3.
LaTeX Font Info:    ... okay on input line 3.
LaTeX Font Info:    Checking defaults for C35/song/m/n on input line 3.
LaTeX Font Info:    ... okay on input line 3.
LaTeX Font Info:    Checking defaults for C36/song/m/n on input line 3.
LaTeX Font Info:    ... okay on input line 3.
LaTeX Font Info:    Checking defaults for C37/song/m/n on input line 3.
LaTeX Font Info:    ... okay on input line 3.
LaTeX Font Info:    Checking defaults for C80/song/m/n on input line 3.
LaTeX Font Info:    ... okay on input line 3.
LaTeX Font Info:    Checking defaults for C81/song/m/n on input line 3.
LaTeX Font Info:    ... okay on input line 3.
LaTeX Font Info:    Checking defaults for C01/song/m/n on input line 3.
LaTeX Font Info:    ... okay on input line 3.
LaTeX Font Info:    Checking defaults for C11/song/m/n on input line 3.
LaTeX Font Info:    ... okay on input line 3.
LaTeX Font Info:    Checking defaults for C21/song/m/n on input line 3.
LaTeX Font Info:    ... okay on input line 3.
LaTeX Font Info:    Checking defaults for C41/song/m/n on input line 3.
LaTeX Font Info:    ... okay on input line 3.
LaTeX Font Info:    Checking defaults for C62/song/m/n on input line 3.
LaTeX Font Info:    ... okay on input line 3.
LaTeX Font Info:    Checking defaults for PD1/pdf/m/n on input line 3.
LaTeX Font Info:    ... okay on input line 3.
LaTeX Font Info:    Try loading font information for OT1+ptm on input line 3.

(D:\CTEX\MiKTeX\tex\latex\psnfss\ot1ptm.fd
File: ot1ptm.fd 2001/06/04 font definitions for OT1/ptm.
)<<ot1.cmap>>
*geometry* driver: auto-detecting
*geometry* detected driver: pdftex
*geometry* verbose mode - [ preamble ] result:
* driver: pdftex
* paper: custom
* layout: <same size as paper>
* layoutoffset:(h,v)=(0.0pt,0.0pt)
* modes: twoside 
* h-part:(L,W,R)=(71.13188pt, 446.70828pt, 71.13188pt)
* v-part:(T,H,B)=(71.13188pt, 674.33032pt, 79.66771pt)
* \paperwidth=588.97205pt
* \paperheight=825.12991pt
* \textwidth=446.70828pt
* \textheight=674.33032pt
* \oddsidemargin=-1.1381pt
* \evensidemargin=-1.1381pt
* \topmargin=-63.69102pt
* \headheight=42.67912pt
* \headsep=19.8738pt
* \topskip=12.0pt
* \footskip=42.67912pt
* \marginparwidth=88.0pt
* \marginparsep=7.0pt
* \columnsep=10.0pt
* \skip\footins=10.8pt plus 4.0pt minus 2.0pt
* \hoffset=0.0pt
* \voffset=0.0pt
* \mag=1000
* \@twocolumnfalse
* \@twosidetrue
* \@mparswitchtrue
* \@reversemarginfalse
* (1in=72.27pt=25.4mm, 1cm=28.453pt)

\AtBeginShipoutBox=\box63
Package hyperref Info: Link coloring ON on input line 3.
(D:\CTEX\MiKTeX\tex\latex\hyperref\nameref.sty
Package: nameref 2010/04/30 v2.40 Cross-referencing by name of section

(D:\CTEX\MiKTeX\tex\generic\oberdiek\gettitlestring.sty
Package: gettitlestring 2010/12/03 v1.4 Cleanup title references (HO)
)
\c@section@level=\count145
LaTeX Info: Redefining \Ref on input line 498.
)
LaTeX Info: Redefining \ref on input line 3.
LaTeX Info: Redefining \pageref on input line 3.
LaTeX Info: Redefining \nameref on input line 3.

(C:\Users\Administrator\Desktop\éƒ­ç¾èŠ³\3ã€æ¯•ä¸šè®ºæ–‡\è®ºæ–‡ç”µå­ç‰ˆ\æ¯•ä
¸šè®ºæ–‡LATEX\BOOK.out)
(C:\Users\Administrator\Desktop\éƒ­ç¾èŠ³\3ã€æ¯•ä¸šè®ºæ–‡\è®ºæ–‡ç”µå­ç‰ˆ\æ¯•ä
¸šè®ºæ–‡LATEX\BOOK.out)
\@outlinefile=\write4
LaTeX Info: Redefining \Ref on input line 3.
 (D:\CTEX\MiKTeX\tex\context\base\supp-pdf.mkii
[Loading MPS to PDF converter (version 2006.09.02).]
\scratchcounter=\count146
\scratchdimen=\dimen171
\scratchbox=\box64
\nofMPsegments=\count147
\nofMParguments=\count148
\everyMPshowfont=\toks46
\MPscratchCnt=\count149
\MPscratchDim=\dimen172
\MPnumerator=\count150
\makeMPintoPDFobject=\count151
\everyMPtoPDFconversion=\toks47
)
Package caption Info: Begin \AtBeginDocument code.
Package caption Info: End \AtBeginDocument code.
 (D:\CTEX\MiKTeX\tex\latex\cjk\standard.bdg
File: standard.bdg 2008/12/29 4.8.2
)
(D:\CTEX\MiKTeX\tex\latex\cjk\extended.enc
File: extended.enc 2008/12/29 4.8.2
)
(D:\CTEX\MiKTeX\tex\latex\cjk\extended.chr
File: extended.chr 2008/12/29 4.8.2
)
(C:\Users\Administrator\Desktop\éƒ­ç¾èŠ³\3ã€æ¯•ä¸šè®ºæ–‡\è®ºæ–‡ç”µå­ç‰ˆ\æ¯•ä
¸šè®ºæ–‡LATEX\setup/format.tex
\c@currdefinitionctr=\count152
\c@enddefinitionctr=\count153
\c@definition=\count154
\c@currpropositionctr=\count155
\c@endpropositionctr=\count156
\c@proposition=\count157
\c@currtheoremctr=\count158
\c@endtheoremctr=\count159
\c@theorem=\count160
\c@currlemmactr=\count161
\c@endlemmactr=\count162
\c@lemma=\count163
\c@curraxiomctr=\count164
\c@endaxiomctr=\count165
\c@axiom=\count166
\c@currcorollaryctr=\count167
\c@endcorollaryctr=\count168
\c@corollary=\count169
\c@currcharacterctr=\count170
\c@endcharacterctr=\count171
\c@character=\count172
\c@currexamctr=\count173
\c@endexamctr=\count174
\c@exam=\count175
\c@currexamplectr=\count176
\c@endexamplectr=\count177
\c@example=\count178
\c@currproofctr=\count179
\c@endproofctr=\count180
\c@proof=\count181
\c@currSolutionctr=\count182
\c@endSolutionctr=\count183
\c@Solution=\count184

(C:\Users\Administrator\Desktop\éƒ­ç¾èŠ³\3ã€æ¯•ä¸šè®ºæ–‡\è®ºæ–‡ç”µå­ç‰ˆ\æ¯•ä
¸šè®ºæ–‡LATEX\setup/gb_452.cpx
File: GB.cap 2003/05/18 4.5.2for Standard LaTeX document class
)
\CJKtwospaces=\skip75
LaTeX Font Info:    Try loading font information for C19+song on input line 137
.
 (D:\CTEX\CTeX\tex\latex\CJK\GB\c19song.fd
File: c19song.fd 2009/09/23 4.8.2
)<<c1925.cmap>>
\c@RomanNumber=\count185


Package hyperref Warning: Option `colorlinks' has already been used,
(hyperref)                setting the option has no effect on input line 267.

\AphorismAuthor=\box65
\c@newlist=\count186
)
(C:\Users\Administrator\Desktop\éƒ­ç¾èŠ³\3ã€æ¯•ä¸šè®ºæ–‡\è®ºæ–‡ç”µå­ç‰ˆ\æ¯•ä
¸šè®ºæ–‡LATEX\preface/cover.tex<<c1941.cmap>><<c1948.cmap>><<c1943.cmap>>
LaTeX Font Info:    Calculating math sizes for size <10.5> on input line 16.


LaTeX Font Warning: Font shape `OT1/cmr/m/n' in size <10.5> not available
(Font)              size <10.95> substituted on input line 16.


LaTeX Font Warning: Font shape `OML/cmm/m/it' in size <10.5> not available
(Font)              size <10.95> substituted on input line 16.

<<oml.cmap>>

LaTeX Font Warning: Font shape `OMS/cmsy/m/n' in size <10.5> not available
(Font)              size <10.95> substituted on input line 16.

<<oms.cmap>><<omx.cmap>>
LaTeX Font Info:    Try loading font information for U+wasy on input line 16.
 (D:\CTEX\MiKTeX\tex\latex\wasysym\uwasy.fd
File: uwasy.fd 2003/10/30 v2.0 Wasy-2 symbol font definitions
)

LaTeX Font Warning: Font shape `U/wasy/m/n' in size <10.5> not available
(Font)              size <10.95> substituted on input line 16.


LaTeX Warning: File u.cmap not found on input line 16.

LaTeX Font Info:    Try loading font information for U+msa on input line 16.
(D:\CTEX\MiKTeX\tex\latex\amsfonts\umsa.fd
File: umsa.fd 2009/06/22 v3.00 AMS symbols A
)
LaTeX Font Info:    Try loading font information for U+msb on input line 16.

(D:\CTEX\MiKTeX\tex\latex\amsfonts\umsb.fd
File: umsb.fd 2009/06/22 v3.00 AMS symbols B
)
LaTeX Font Info:    Try loading font information for U+rsfs on input line 16.

(D:\CTEX\MiKTeX\tex\latex\jknappen\ursfs.fd
File: ursfs.fd 1998/03/24 rsfs font definition file (jk)
)

LaTeX Font Warning: Font shape `U/rsfs/m/n' in size <10.5> not available
(Font)              size <10.95> substituted on input line 16.


LaTeX Font Warning: Font shape `OT1/cmr/bx/n' in size <10.5> not available
(Font)              size <10.95> substituted on input line 16.


LaTeX Font Warning: Font shape `OML/cmm/b/it' in size <10.5> not available
(Font)              size <10.95> substituted on input line 16.


LaTeX Font Warning: Font shape `OMS/cmsy/b/n' in size <10.5> not available
(Font)              size <10.95> substituted on input line 16.


LaTeX Font Warning: Font shape `U/wasy/b/n' in size <10.5> not available
(Font)              size <10.95> substituted on input line 16.


LaTeX Font Warning: Font shape `U/wasy/b/n' in size <7.34996> not available
(Font)              Font shape `U/wasy/m/n' tried instead on input line 16.


LaTeX Font Warning: Font shape `U/wasy/b/n' in size <5.25> not available
(Font)              Font shape `U/wasy/m/n' tried instead on input line 16.

<<c1960.cmap>><<c1939.cmap>><<c1949.cmap>><<c1950.cmap>><<c1945.cmap>>
LaTeX Font Info:    Try loading font information for C19+hei on input line 16.

(D:\CTEX\CTeX\tex\latex\CJK\GB\c19hei.fd
File: c19hei.fd 2009/09/23 4.8.2
)<<c1958.cmap>><<c1937.cmap>><<c1942.cmap>><<c1961.cmap>><<c1956.cmap>><<c1955.
cmap>><<c1946.cmap>><<c1957.cmap>><<c1951.cmap>><<c1926.cmap>><<c1964.cmap>><<c
1965.cmap>><<c1963.cmap>>
LaTeX Font Info:    Calculating math sizes for size <16> on input line 16.


LaTeX Font Warning: Font shape `OT1/cmr/m/n' in size <16> not available
(Font)              size <17.28> substituted on input line 16.


LaTeX Font Warning: Font shape `OML/cmm/m/it' in size <16> not available
(Font)              size <17.28> substituted on input line 16.


LaTeX Font Warning: Font shape `OMS/cmsy/m/n' in size <16> not available
(Font)              size <17.28> substituted on input line 16.


LaTeX Font Warning: Font shape `U/wasy/m/n' in size <16> not available
(Font)              size <17.28> substituted on input line 16.


LaTeX Font Warning: Font shape `U/rsfs/m/n' in size <16> not available
(Font)              size <17.28> substituted on input line 16.


LaTeX Font Warning: Font shape `OT1/cmr/bx/n' in size <16> not available
(Font)              size <17.28> substituted on input line 16.


LaTeX Font Warning: Font shape `OML/cmm/b/it' in size <16> not available
(Font)              size <17.28> substituted on input line 16.


LaTeX Font Warning: Font shape `OMS/cmsy/b/n' in size <16> not available
(Font)              size <17.28> substituted on input line 16.


LaTeX Font Warning: Font shape `U/wasy/b/n' in size <16> not available
(Font)              size <17.28> substituted on input line 16.


LaTeX Font Warning: Font shape `U/wasy/b/n' in size <8> not available
(Font)              Font shape `U/wasy/m/n' tried instead on input line 16.

<<c1940.cmap>><<c1947.cmap>><<c1936.cmap>><<c1954.cmap>> [1


{D:/CTEX/UserData/pdftex/config/pdftex.map{Unicode.sfd}{UGBK.sfd}}])
(C:\Users\Administrator\Desktop\éƒ­ç¾èŠ³\3ã€æ¯•ä¸šè®ºæ–‡\è®ºæ–‡ç”µå­ç‰ˆ\æ¯•ä
¸šè®ºæ–‡LATEX\preface/c_abstract.tex
LaTeX Font Info:    Try loading font information for OT1+phv on input line 2.
 (D:\CTEX\MiKTeX\tex\latex\psnfss\ot1phv.fd
File: ot1phv.fd 2001/06/04 scalable font definitions for OT1/phv.
)<<c1944.cmap>><<c1959.cmap>><<c1962.cmap>><<c1952.cmap>><<c1938.cmap>><<c1953.
cmap>>

LaTeX Font Warning: Font shape `U/wasy/b/n' in size <6> not available
(Font)              Font shape `U/wasy/m/n' tried instead on input line 7.

)pdfTeX warning (ext4): destination with the same identifier (name{page.I}) has
 been already used, duplicate ignored
<to be read again> 
                   \relax 
l.11 \include{preface/c_abstract}
                                                              %ÖĞÎÄÕªÒª
[1


] [2

]
(C:\Users\Administrator\Desktop\éƒ­ç¾èŠ³\3ã€æ¯•ä¸šè®ºæ–‡\è®ºæ–‡ç”µå­ç‰ˆ\æ¯•ä
¸šè®ºæ–‡LATEX\preface/e_abstract.tex<<c1930.cmap>>
LaTeX Font Info:    Font shape `OT1/ptm/bx/n' in size <12> not available
(Font)              Font shape `OT1/ptm/b/n' tried instead on input line 15.
) [3



] [4

]
(C:\Users\Administrator\Desktop\éƒ­ç¾èŠ³\3ã€æ¯•ä¸šè®ºæ–‡\è®ºæ–‡ç”µå­ç‰ˆ\æ¯•ä
¸šè®ºæ–‡LATEX\BOOK.toc [5

])
\tf@toc=\write5
 [6]
(C:\Users\Administrator\Desktop\éƒ­ç¾èŠ³\3ã€æ¯•ä¸šè®ºæ–‡\è®ºæ–‡ç”µå­ç‰ˆ\æ¯•ä
¸šè®ºæ–‡LATEX\book/chap1.tex
µÚ\CJKnumber {1}ÕÂ

Package hyperref Warning: Token not allowed in a PDF string (PDFDocEncoding):
(hyperref)                removing `\CJKnumber' on input line 2.

<fig/cardiac.png, id=454, 545.3976pt x 302.0886pt>
File: fig/cardiac.png Graphic file (type png)
 <use fig/cardiac.png>
Package pdftex.def Info: fig/cardiac.png used on input line 17.
(pdftex.def)             Requested size: 223.34814pt x 89.33661pt.

<fig/membrane.png, id=456, 254.9525pt x 282.05376pt>
File: fig/membrane.png Graphic file (type png)
 <use fig/membrane.png>
Package pdftex.def Info: fig/membrane.png used on input line 21.
(pdftex.def)             Requested size: 111.6776pt x 134.01566pt.
<<c1974.cmap>> [1



]
Underfull \vbox (badness 7291) has occurred while \output is active []

 [2 <C:/Users/Administrator/Desktop/éƒ­ç¾èŠ³/3ã€æ¯•ä¸šè®ºæ–‡/è®ºæ–‡ç”µå­ç‰ˆ/
æ¯•ä¸šè®ºæ–‡LATEX/fig/cardiac.png> <C:/Users/Administrator/Desktop/éƒ­ç¾èŠ³/3ã
€æ¯•ä¸šè®ºæ–‡/è®ºæ–‡ç”µå­ç‰ˆ/æ¯•ä¸šè®ºæ–‡LATEX/fig/membrane.png (PNG copy)>]<
<c1984.cmap>> [3] [4] [5] [6]) [7] [8

]
(C:\Users\Administrator\Desktop\éƒ­ç¾èŠ³\3ã€æ¯•ä¸šè®ºæ–‡\è®ºæ–‡ç”µå­ç‰ˆ\æ¯•ä
¸šè®ºæ–‡LATEX\book/chap2.tex
µÚ\CJKnumber {2}ÕÂ

Package hyperref Warning: Token not allowed in a PDF string (PDFDocEncoding):
(hyperref)                removing `\CJKnumber' on input line 2.

Package hyperref Info: bookmark level for unknown definition defaults to 0 on i
nput line 14.

Package hyperref Warning: Token not allowed in a PDF string (PDFDocEncoding):
(hyperref)                \kern 3.33234pt
(hyperref)                removed on input line 34.


Package hyperref Warning: Token not allowed in a PDF string (PDFDocEncoding):
(hyperref)                \kern 3.33234pt
(hyperref)                removed on input line 34.


Underfull \vbox (badness 1226) has occurred while \output is active []

 [9




pdfTeX warning: pdflatex.exe: pop empty color page stack 0
]

Package hyperref Warning: Token not allowed in a PDF string (PDFDocEncoding):
(hyperref)                \kern 3.33234pt
(hyperref)                removed on input line 78.


Package hyperref Warning: Token not allowed in a PDF string (PDFDocEncoding):
(hyperref)                \kern 3.33234pt
(hyperref)                removed on input line 78.

[10]
Package hyperref Info: bookmark level for unknown lemma defaults to 0 on input 
line 103.
 [11]
Package hyperref Info: bookmark level for unknown theorem defaults to 0 on inpu
t line 139.
 [12pdfTeX warning (ext4): destination with the same identifier (name{equation.
2.3.14}) has been already used, duplicate ignored

\AtBegShi@Output ...ipout \box \AtBeginShipoutBox 
                                                  \fi \fi 
l.142 \section{Riesz ·ÖÊı½×Ëã×Ó}
                                ]) [13] [14

]
(C:\Users\Administrator\Desktop\éƒ­ç¾èŠ³\3ã€æ¯•ä¸šè®ºæ–‡\è®ºæ–‡ç”µå­ç‰ˆ\æ¯•ä
¸šè®ºæ–‡LATEX\book/chap3.tex
µÚ\CJKnumber {3}ÕÂ

Package hyperref Warning: Token not allowed in a PDF string (PDFDocEncoding):
(hyperref)                removing `\CJKnumber' on input line 2.

LaTeX Font Info:    Try loading font information for OMS+ptm on input line 13.
(D:\CTEX\MiKTeX\tex\latex\psnfss\omsptm.fd
File: omsptm.fd 
)
LaTeX Font Info:    Font shape `OMS/ptm/m/n' in size <12> not available
(Font)              Font shape `OMS/cmsy/m/n' tried instead on input line 13.
 [15


]
Underfull \vbox (badness 3168) has occurred while \output is active []

 [16]
Underfull \vbox (badness 10000) has occurred while \output is active []

 [17])
[18]
(C:\Users\Administrator\Desktop\éƒ­ç¾èŠ³\3ã€æ¯•ä¸šè®ºæ–‡\è®ºæ–‡ç”µå­ç‰ˆ\æ¯•ä
¸šè®ºæ–‡LATEX\book/chap4.tex
µÚ\CJKnumber {4}ÕÂ

Package hyperref Warning: Token not allowed in a PDF string (PDFDocEncoding):
(hyperref)                removing `\CJKnumber' on input line 2.

[19



pdfTeX warning (ext4): destination with the same identifier (name{equation.4.1.
1}) has been already used, duplicate ignored

\AtBegShi@Output ...ipout \box \AtBeginShipoutBox 
                                                  \fi \fi 
l.38 \end{equation}
                   ] [20pdfTeX warning (ext4): destination with the same identi
fier (name{equation.4.1.5}) has been already used, duplicate ignored

\AtBegShi@Output ...ipout \box \AtBeginShipoutBox 
                                                  \fi \fi 
l.66 \end{equation}
                   ]
Underfull \vbox (badness 10000) has occurred while \output is active []

 [21pdfTeX warning (ext4): destination with the same identifier (name{equation.
4.1.6}) has been already used, duplicate ignored

\AtBegShi@Output ...ipout \box \AtBeginShipoutBox 
                                                  \fi \fi 
l.98 \end{equation}
                   pdfTeX warning (ext4): destination with the same identifier 
(name{equation.4.1.7}) has been already used, duplicate ignored

\AtBegShi@Output ...ipout \box \AtBeginShipoutBox 
                                                  \fi \fi 
l.98 \end{equation}
                   pdfTeX warning (ext4): destination with the same identifier 
(name{equation.4.1.9}) has been already used, duplicate ignored

\AtBegShi@Output ...ipout \box \AtBeginShipoutBox 
                                                  \fi \fi 
l.98 \end{equation}
                   ] [22pdfTeX warning (ext4): destination with the same identi
fier (name{equation.4.1.10}) has been already used, duplicate ignored

\AtBegShi@Output ...ipout \box \AtBeginShipoutBox 
                                                  \fi \fi 
l.128 \end{equation}
                    pdfTeX warning (ext4): destination with the same identifier
 (name{equation.4.1.11}) has been already used, duplicate ignored

\AtBegShi@Output ...ipout \box \AtBeginShipoutBox 
                                                  \fi \fi 
l.128 \end{equation}
                    ]

LaTeX Warning: File ot145.cmap not found on input line 153.

[23pdfTeX warning (ext4): destination with the same identifier (name{equation.4
.1.13}) has been already used, duplicate ignored

\AtBegShi@Output ...ipout \box \AtBeginShipoutBox 
                                                  \fi \fi 
l.153 ¼Ù
        ÉèÎÊÌâ\;(\ref{eq4.3})-(\ref{eq4.5}) ÓĞÒ»¸ö¹â»¬½â~$u(x_i,y_j,t_n)$£¬$...
] [24pdfTeX warning (ext4): destination with the same identifier (name{equation
.4.1.14}) has been already used, duplicate ignored

\AtBegShi@Output ...ipout \box \AtBeginShipoutBox 
                                                  \fi \fi 
l.178 ...ÔÚÓë~$h_x,h_y,\tau$ ÎŞ¹ØµÄÕı³£Êı~C£¬Ê¹µÃ}
                                                  \label{convergence1}]
[25]
Underfull \vbox (badness 10000) has occurred while \output is active []

 [26]
[27pdfTeX warning (ext4): destination with the same identifier (name{equation.4
.2.23}) has been already used, duplicate ignored

\AtBegShi@Output ...ipout \box \AtBeginShipoutBox 
                                                  \fi \fi 
l.271 
      ]
Missing character: There is no ¶ in font cmr12!

Underfull \vbox (badness 10000) has occurred while \output is active []

 [28pdfTeX warning (ext4): destination with the same identifier (name{equation.
4.2.26}) has been already used, duplicate ignored

\AtBegShi@Output ...ipout \box \AtBeginShipoutBox 
                                                  \fi \fi 
l.314 \end{equation}
                    pdfTeX warning (ext4): destination with the same identifier
 (name{equation.4.2.27}) has been already used, duplicate ignored

\AtBegShi@Output ...ipout \box \AtBeginShipoutBox 
                                                  \fi \fi 
l.314 \end{equation}
                    ]
Underfull \vbox (badness 10000) has occurred while \output is active []

 [29pdfTeX warning (ext4): destination with the same identifier (name{equation.
4.2.28}) has been already used, duplicate ignored

\AtBegShi@Output ...ipout \box \AtBeginShipoutBox 
                                                  \fi \fi 
l.339 \subsection{ÎÈ¶¨ĞÔ·ÖÎö}
                             pdfTeX warning (ext4): destination with the same i
dentifier (name{equation.4.2.29}) has been already used, duplicate ignored

\AtBegShi@Output ...ipout \box \AtBeginShipoutBox 
                                                  \fi \fi 
l.339 \subsection{ÎÈ¶¨ĞÔ·ÖÎö}
                             pdfTeX warning (ext4): destination with the same i
dentifier (name{equation.4.2.30}) has been already used, duplicate ignored

\AtBegShi@Output ...ipout \box \AtBeginShipoutBox 
                                                  \fi \fi 
l.339 \subsection{ÎÈ¶¨ĞÔ·ÖÎö}
                             ]
Underfull \vbox (badness 10000) has occurred while \output is active []

 [30pdfTeX warning (ext4): destination with the same identifier (name{equation.
4.2.32}) has been already used, duplicate ignored

\AtBegShi@Output ...ipout \box \AtBeginShipoutBox 
                                                  \fi \fi 
l.379 \end{equation*}
                     ]
Overfull \hbox (45.77103pt too wide) in paragraph at lines 398--399
\C19/song/m/n/12/38  \C19/song/m/n/12/41 © \C19/song/m/n/12/42 ‚ \C19/song/m/n
/12/55 ª\OT1/ptm/m/n/12 ([][]4-29[][])-([][]4-30[][]) \C19/song/m/n/12/40  \C1
9/song/m/n/12/55 ê \C19/song/m/n/12/64 Š \C19/song/m/n/12/46 ) \C19/song/m/n/12
/25 " \C19/song/m/n/12/40 ½ \C19/song/m/n/12/61 Â \C19/song/m/n/12/58 Ø \C19/so
ng/m/n/12/38  \C19/song/m/n/12/58  $\OML/cmm/m/it/12 [] \OT1/cmr/m/n/12 = []
 \OMS/cmsy/m/n/12   \OML/cmm/m/it/12 u[]$\C19/song/m/n/12/26 §$[] \OT1/cmr/m/n/
12 = []$\C19/song/m/n/12/26 §
 []


Overfull \hbox (47.07pt too wide) in paragraph at lines 400--400
[]\C19/song/m/n/12/45 b \C19/song/m/n/12/55  $\OML/cmm/m/it/12 f\OT1/cmr/m/n/1
2 (\OML/cmm/m/it/12 u\OT1/cmr/m/n/12 ) \OMS/cmsy/m/n/12 2 []\OT1/cmr/m/n/12 (\O
ML/cmm/m/it/12 D\OT1/cmr/m/n/12 )$ \C19/song/m/n/12/37 ¿ \C19/song/m/n/12/53 … 
\C19/song/m/n/12/62 k $[] \OT1/cmr/m/n/12 = [] []$\C19/song/m/n/12/26 §$[] \OT1
/cmr/m/n/12 = [] []$\C19/song/m/n/12/26 § \C19/song/m/n/12/54  $\OML/cmm/m/it/
12 r \OT1/cmr/m/n/12 = \OML/cmm/m/it/12 min\OMS/cmsy/m/n/12 f\OML/cmm/m/it/12 
r[][]; r[][]\OMS/cmsy/m/n/12 g$\C19/song/m/n/12/25 "
 []


LaTeX Warning: File ot164.cmap not found on input line 404.

[31]
Underfull \vbox (badness 10000) has occurred while \output is active []

 [32pdfTeX warning (ext4): destination with the same identifier (name{equation.
4.2.34}) has been already used, duplicate ignored

\AtBegShi@Output ...ipout \box \AtBeginShipoutBox 
                                                  \fi \fi 
l.454 \end{equation*}
                     ]
Overfull \hbox (1.36385pt too wide) in paragraph at lines 480--481
[]\C19/song/m/n/12/58 · \C19/song/m/n/12/50 ‚ \C19/song/m/n/12/65 5 \C19/song/m
/n/12/61 ¿ \C19/song/m/n/12/40  $[] \OML/cmm/m/it/12 [] \OT1/cmr/m/n/12 = 0$\
C19/song/m/n/12/25 " \C19/song/m/n/12/61 Ï \C19/song/m/n/12/39 d \C19/song/m/n/
12/40  $\OML/cmm/m/it/12 h[]$\C19/song/m/n/12/26 §$\OML/cmm/m/it/12 h[]$ \C19/
song/m/n/12/43 Ú $\OML/cmm/m/it/12 $ \C19/song/m/n/12/53 ª \C19/song/m/n/12/62
 u \C19/song/m/n/12/49 " \C19/song/m/n/12/55  \C19/song/m/n/12/26 §$\OML/cmm/m
/it/12 u[]$ $\OMS/cmsy/m/n/12 !$ $\OML/cmm/m/it/12 u\OT1/cmr/m/n/12 (\OML/cmm/m
/it/12 x[]; y[]; t[]\OT1/cmr/m/n/12 )$\C19/song/m/n/12/25 "
 []

) [33] [34]
(C:\Users\Administrator\Desktop\éƒ­ç¾èŠ³\3ã€æ¯•ä¸šè®ºæ–‡\è®ºæ–‡ç”µå­ç‰ˆ\æ¯•ä
¸šè®ºæ–‡LATEX\book/chap5.tex
µÚ\CJKnumber {5}ÕÂ

Package hyperref Warning: Token not allowed in a PDF string (PDFDocEncoding):
(hyperref)                removing `\CJKnumber' on input line 2.

[35



] <fig/v-circle.jpg, id=984, 169.1118pt x 185.9748pt>
File: fig/v-circle.jpg Graphic file (type jpg)

<use fig/v-circle.jpg>
Package pdftex.def Info: fig/v-circle.jpg used on input line 17.
(pdftex.def)             Requested size: 134.01488pt x 134.01524pt.


LaTeX Font Warning: Font shape `U/wasy/b/n' in size <7> not available
(Font)              Font shape `U/wasy/m/n' tried instead on input line 18.


LaTeX Font Warning: Font shape `U/wasy/b/n' in size <5> not available
(Font)              Font shape `U/wasy/m/n' tried instead on input line 18.

<fig/w-circle.jpg, id=985, 221.628pt x 185.493pt>
File: fig/w-circle.jpg Graphic file (type jpg)
 <use fig/w-circle.jpg>
Package pdftex.def Info: fig/w-circle.jpg used on input line 22.
(pdftex.def)             Requested size: 178.68578pt x 134.01903pt.

<fig/f-circle.jpg, id=986, 273.1806pt x 186.4566pt>
File: fig/f-circle.jpg Graphic file (type jpg)
 <use fig/f-circle.jpg>
Package pdftex.def Info: fig/f-circle.jpg used on input line 30.
(pdftex.def)             Requested size: 223.35925pt x 142.9518pt.

[36 <C:/Users/Administrator/Desktop/éƒ­ç¾èŠ³/3ã€æ¯•ä¸šè®ºæ–‡/è®ºæ–‡ç”µå­ç‰ˆ/
æ¯•ä¸šè®ºæ–‡LATEX/fig/v-circle.jpg> <C:/Users/Administrator/Desktop/éƒ­ç¾èŠ³/3
ã€æ¯•ä¸šè®ºæ–‡/è®ºæ–‡ç”µå­ç‰ˆ/æ¯•ä¸šè®ºæ–‡LATEX/fig/w-circle.jpg>]
<fig/MG.jpg, id=1005, 376.2858pt x 337.7418pt>
File: fig/MG.jpg Graphic file (type jpg)
 <use fig/MG.jpg>
Package pdftex.def Info: fig/MG.jpg used on input line 83.
(pdftex.def)             Requested size: 268.02602pt x 223.35349pt.
 [37 <C:/Users/Administrator/Desktop/éƒ­ç¾èŠ³/3ã€æ¯•ä¸šè®ºæ–‡/è®ºæ–‡ç”µå­ç‰ˆ
/æ¯•ä¸šè®ºæ–‡LATEX/fig/f-circle.jpg>] [38 <C:/Users/Administrator/Desktop/éƒ­ç¾
èŠ³/3ã€æ¯•ä¸šè®ºæ–‡/è®ºæ–‡ç”µå­ç‰ˆ/æ¯•ä¸šè®ºæ–‡LATEX/fig/MG.jpg>]
Package hyperref Info: bookmark level for unknown exam defaults to 0 on input l
ine 131.
 [39pdfTeX warning (ext4): destination with the same identifier (name{equation.
5.2.5}) has been already used, duplicate ignored

\AtBegShi@Output ...ipout \box \AtBeginShipoutBox 
                                                  \fi \fi 
l.199 
      ] <fig/exact.png, id=1055, 421.575pt x 316.18124pt>
File: fig/exact.png Graphic file (type png)
 <use fig/exact.png>
Package pdftex.def Info: fig/exact.png used on input line 271.
(pdftex.def)             Requested size: 178.68132pt x 156.3534pt.

<fig/NSFDM.png, id=1056, 421.575pt x 316.18124pt>
File: fig/NSFDM.png Graphic file (type png)
 <use fig/NSFDM.png>
Package pdftex.def Info: fig/NSFDM.png used on input line 275.
(pdftex.def)             Requested size: 178.68132pt x 156.3534pt.

<fig/SFDM.png, id=1057, 421.575pt x 316.18124pt>
File: fig/SFDM.png Graphic file (type png)
 <use fig/SFDM.png>
Package pdftex.def Info: fig/SFDM.png used on input line 279.
(pdftex.def)             Requested size: 178.68132pt x 156.3534pt.
 [40]
[41pdfTeX warning (ext4): destination with the same identifier (name{equation.5
.2.7}) has been already used, duplicate ignored

\AtBegShi@Output ...ipout \box \AtBeginShipoutBox 
                                                  \fi \fi 
l.312 \end{equation}
                    ] [42pdfTeX warning (ext4): destination with the same ident
ifier (name{equation.5.2.8}) has been already used, duplicate ignored

\AtBegShi@Output ...ipout \box \AtBeginShipoutBox 
                                                  \fi \fi 
l.317 
       <C:/Users/Administrator/Desktop/éƒ­ç¾èŠ³/3ã€æ¯•ä¸šè®ºæ–‡/è®ºæ–‡ç”µå­ç
‰ˆ/æ¯•ä¸šè®ºæ–‡LATEX/fig/exact.png (PNG copy)> <C:/Users/Administrator/Desktop/
éƒ­ç¾èŠ³/3ã€æ¯•ä¸šè®ºæ–‡/è®ºæ–‡ç”µå­ç‰ˆ/æ¯•ä¸šè®ºæ–‡LATEX/fig/NSFDM.png (PNG
 copy)> <C:/Users/Administrator/Desktop/éƒ­ç¾èŠ³/3ã€æ¯•ä¸šè®ºæ–‡/è®ºæ–‡ç”µå­
ç‰ˆ/æ¯•ä¸šè®ºæ–‡LATEX/fig/SFDM.png (PNG copy)>]
<fig/fig1a.jpg, id=1098, 421.575pt x 316.18124pt>
File: fig/fig1a.jpg Graphic file (type jpg)
 <use fig/fig1a.jpg>
Package pdftex.def Info: fig/fig1a.jpg used on input line 323.
(pdftex.def)             Requested size: 156.3534pt x 134.01581pt.

<fig/fig2a.jpg, id=1099, 421.575pt x 316.18124pt>
File: fig/fig2a.jpg Graphic file (type jpg)
 <use fig/fig2a.jpg>
Package pdftex.def Info: fig/fig2a.jpg used on input line 326.
(pdftex.def)             Requested size: 156.3534pt x 134.01581pt.

<fig/fig1b.jpg, id=1100, 421.575pt x 316.18124pt>
File: fig/fig1b.jpg Graphic file (type jpg)
 <use fig/fig1b.jpg>
Package pdftex.def Info: fig/fig1b.jpg used on input line 331.
(pdftex.def)             Requested size: 156.3534pt x 134.01581pt.

<fig/fig2b.jpg, id=1101, 421.575pt x 316.18124pt>
File: fig/fig2b.jpg Graphic file (type jpg)
 <use fig/fig2b.jpg>
Package pdftex.def Info: fig/fig2b.jpg used on input line 335.
(pdftex.def)             Requested size: 156.3534pt x 134.01581pt.

<fig/fig3a.jpg, id=1102, 421.575pt x 316.18124pt>
File: fig/fig3a.jpg Graphic file (type jpg)
 <use fig/fig3a.jpg>
Package pdftex.def Info: fig/fig3a.jpg used on input line 343.
(pdftex.def)             Requested size: 156.3534pt x 134.01581pt.

<fig/fig4a.jpg, id=1103, 421.575pt x 316.18124pt>
File: fig/fig4a.jpg Graphic file (type jpg)
 <use fig/fig4a.jpg>
Package pdftex.def Info: fig/fig4a.jpg used on input line 346.
(pdftex.def)             Requested size: 156.3534pt x 134.01581pt.

<fig/fig3b.jpg, id=1104, 421.575pt x 316.18124pt>
File: fig/fig3b.jpg Graphic file (type jpg)
 <use fig/fig3b.jpg>
Package pdftex.def Info: fig/fig3b.jpg used on input line 350.
(pdftex.def)             Requested size: 156.3534pt x 134.01581pt.

<fig/fig4b.jpg, id=1105, 421.575pt x 316.18124pt>
File: fig/fig4b.jpg Graphic file (type jpg)
 <use fig/fig4b.jpg>
Package pdftex.def Info: fig/fig4b.jpg used on input line 354.
(pdftex.def)             Requested size: 156.3534pt x 134.01581pt.

<fig/fig5a.jpg, id=1110, 421.575pt x 316.18124pt>
File: fig/fig5a.jpg Graphic file (type jpg)
 <use fig/fig5a.jpg>
Package pdftex.def Info: fig/fig5a.jpg used on input line 364.
(pdftex.def)             Requested size: 156.3534pt x 134.01581pt.

<fig/fig6a.jpg, id=1111, 421.575pt x 316.18124pt>
File: fig/fig6a.jpg Graphic file (type jpg)
 <use fig/fig6a.jpg>
Package pdftex.def Info: fig/fig6a.jpg used on input line 367.
(pdftex.def)             Requested size: 156.3534pt x 134.01581pt.

<fig/fig5b.jpg, id=1112, 421.575pt x 316.18124pt>
File: fig/fig5b.jpg Graphic file (type jpg)
 <use fig/fig5b.jpg>
Package pdftex.def Info: fig/fig5b.jpg used on input line 371.
(pdftex.def)             Requested size: 156.3534pt x 134.01581pt.

<fig/fig6b.jpg, id=1113, 421.575pt x 316.18124pt>
File: fig/fig6b.jpg Graphic file (type jpg)
 <use fig/fig6b.jpg>
Package pdftex.def Info: fig/fig6b.jpg used on input line 375.
(pdftex.def)             Requested size: 156.3534pt x 134.01581pt.

<fig/fig7a.jpg, id=1117, 421.575pt x 316.18124pt>
File: fig/fig7a.jpg Graphic file (type jpg)
 <use fig/fig7a.jpg>
Package pdftex.def Info: fig/fig7a.jpg used on input line 384.
(pdftex.def)             Requested size: 156.3534pt x 134.01581pt.

<fig/fig8a.jpg, id=1118, 421.575pt x 316.18124pt>
File: fig/fig8a.jpg Graphic file (type jpg)
 <use fig/fig8a.jpg>
Package pdftex.def Info: fig/fig8a.jpg used on input line 387.
(pdftex.def)             Requested size: 156.3534pt x 134.01581pt.

<fig/fig7b.jpg, id=1119, 421.575pt x 316.18124pt>
File: fig/fig7b.jpg Graphic file (type jpg)
 <use fig/fig7b.jpg>
Package pdftex.def Info: fig/fig7b.jpg used on input line 391.
(pdftex.def)             Requested size: 156.3534pt x 134.01581pt.

<fig/fig8b.jpg, id=1120, 421.575pt x 316.18124pt>
File: fig/fig8b.jpg Graphic file (type jpg)
 <use fig/fig8b.jpg>
Package pdftex.def Info: fig/fig8b.jpg used on input line 395.
(pdftex.def)             Requested size: 156.3534pt x 134.01581pt.
 [43 <C:/Users/Administrator/Desktop/éƒ­ç¾èŠ³/3ã€æ¯•ä¸šè®ºæ–‡/è®ºæ–‡ç”µå­ç‰ˆ
/æ¯•ä¸šè®ºæ–‡LATEX/fig/fig1a.jpg (PNG copy)> <C:/Users/Administrator/Desktop/éƒ
­ç¾èŠ³/3ã€æ¯•ä¸šè®ºæ–‡/è®ºæ–‡ç”µå­ç‰ˆ/æ¯•ä¸šè®ºæ–‡LATEX/fig/fig2a.jpg (PNG c
opy)> <C:/Users/Administrator/Desktop/éƒ­ç¾èŠ³/3ã€æ¯•ä¸šè®ºæ–‡/è®ºæ–‡ç”µå­ç‰
ˆ/æ¯•ä¸šè®ºæ–‡LATEX/fig/fig1b.jpg (PNG copy)> <C:/Users/Administrator/Desktop/é
ƒ­ç¾èŠ³/3ã€æ¯•ä¸šè®ºæ–‡/è®ºæ–‡ç”µå­ç‰ˆ/æ¯•ä¸šè®ºæ–‡LATEX/fig/fig2b.jpg (PNG 
copy)>]
[44 <C:/Users/Administrator/Desktop/éƒ­ç¾èŠ³/3ã€æ¯•ä¸šè®ºæ–‡/è®ºæ–‡ç”µå­ç‰ˆ/
æ¯•ä¸šè®ºæ–‡LATEX/fig/fig3a.jpg (PNG copy)> <C:/Users/Administrator/Desktop/éƒ­
ç¾èŠ³/3ã€æ¯•ä¸šè®ºæ–‡/è®ºæ–‡ç”µå­ç‰ˆ/æ¯•ä¸šè®ºæ–‡LATEX/fig/fig4a.jpg (PNG co
py)> <C:/Users/Administrator/Desktop/éƒ­ç¾èŠ³/3ã€æ¯•ä¸šè®ºæ–‡/è®ºæ–‡ç”µå­ç‰ˆ
/æ¯•ä¸šè®ºæ–‡LATEX/fig/fig3b.jpg (PNG copy)> <C:/Users/Administrator/Desktop/éƒ
­ç¾èŠ³/3ã€æ¯•ä¸šè®ºæ–‡/è®ºæ–‡ç”µå­ç‰ˆ/æ¯•ä¸šè®ºæ–‡LATEX/fig/fig4b.jpg (PNG c
opy)>] [45 <C:/Users/Administrator/Desktop/éƒ­ç¾èŠ³/3ã€æ¯•ä¸šè®ºæ–‡/è®ºæ–‡ç”µ
å­ç‰ˆ/æ¯•ä¸šè®ºæ–‡LATEX/fig/fig5a.jpg (PNG copy)> <C:/Users/Administrator/Desk
top/éƒ­ç¾èŠ³/3ã€æ¯•ä¸šè®ºæ–‡/è®ºæ–‡ç”µå­ç‰ˆ/æ¯•ä¸šè®ºæ–‡LATEX/fig/fig6a.jpg 
(PNG copy)> <C:/Users/Administrator/Desktop/éƒ­ç¾èŠ³/3ã€æ¯•ä¸šè®ºæ–‡/è®ºæ–‡ç”
µå­ç‰ˆ/æ¯•ä¸šè®ºæ–‡LATEX/fig/fig5b.jpg (PNG copy)> <C:/Users/Administrator/Des
ktop/éƒ­ç¾èŠ³/3ã€æ¯•ä¸šè®ºæ–‡/è®ºæ–‡ç”µå­ç‰ˆ/æ¯•ä¸šè®ºæ–‡LATEX/fig/fig6b.jpg
 (PNG copy)> <C:/Users/Administrator/Desktop/éƒ­ç¾èŠ³/3ã€æ¯•ä¸šè®ºæ–‡/è®ºæ–‡ç
”µå­ç‰ˆ/æ¯•ä¸šè®ºæ–‡LATEX/fig/fig7a.jpg (PNG copy)> <C:/Users/Administrator/De
sktop/éƒ­ç¾èŠ³/3ã€æ¯•ä¸šè®ºæ–‡/è®ºæ–‡ç”µå­ç‰ˆ/æ¯•ä¸šè®ºæ–‡LATEX/fig/fig8a.jp
g (PNG copy)> <C:/Users/Administrator/Desktop/éƒ­ç¾èŠ³/3ã€æ¯•ä¸šè®ºæ–‡/è®ºæ–‡
ç”µå­ç‰ˆ/æ¯•ä¸šè®ºæ–‡LATEX/fig/fig7b.jpg (PNG copy)> <C:/Users/Administrator/D
esktop/éƒ­ç¾èŠ³/3ã€æ¯•ä¸šè®ºæ–‡/è®ºæ–‡ç”µå­ç‰ˆ/æ¯•ä¸šè®ºæ–‡LATEX/fig/fig8b.j
pg (PNG copy)>] <fig/fig9a.png, id=1166, 421.575pt x 316.18124pt>
File: fig/fig9a.png Graphic file (type png)

<use fig/fig9a.png>
Package pdftex.def Info: fig/fig9a.png used on input line 424.
(pdftex.def)             Requested size: 156.3534pt x 134.01581pt.
 <fig/fig10a.jpg, id=1167, 421.575pt x 316.18124pt>
File: fig/fig10a.jpg Graphic file (type jpg)

<use fig/fig10a.jpg>
Package pdftex.def Info: fig/fig10a.jpg used on input line 427.
(pdftex.def)             Requested size: 156.3534pt x 134.01581pt.
 <fig/fig9b.png, id=1168, 421.575pt x 316.18124pt>
File: fig/fig9b.png Graphic file (type png)

<use fig/fig9b.png>
Package pdftex.def Info: fig/fig9b.png used on input line 431.
(pdftex.def)             Requested size: 156.3534pt x 134.01581pt.
 <fig/fig10b.jpg, id=1169, 421.575pt x 316.18124pt>
File: fig/fig10b.jpg Graphic file (type jpg)

<use fig/fig10b.jpg>
Package pdftex.def Info: fig/fig10b.jpg used on input line 435.
(pdftex.def)             Requested size: 156.3534pt x 134.01581pt.
) [46

 <C:/Users/Administrator/Desktop/éƒ­ç¾èŠ³/3ã€æ¯•ä¸šè®ºæ–‡/è®ºæ–‡ç”µå­ç‰ˆ/æ¯•
ä¸šè®ºæ–‡LATEX/fig/fig9a.png (PNG copy)> <C:/Users/Administrator/Desktop/éƒ­ç¾
èŠ³/3ã€æ¯•ä¸šè®ºæ–‡/è®ºæ–‡ç”µå­ç‰ˆ/æ¯•ä¸šè®ºæ–‡LATEX/fig/fig10a.jpg (PNG copy
)> <C:/Users/Administrator/Desktop/éƒ­ç¾èŠ³/3ã€æ¯•ä¸šè®ºæ–‡/è®ºæ–‡ç”µå­ç‰ˆ/æ
¯•ä¸šè®ºæ–‡LATEX/fig/fig9b.png (PNG copy)> <C:/Users/Administrator/Desktop/éƒ­ç
¾èŠ³/3ã€æ¯•ä¸šè®ºæ–‡/è®ºæ–‡ç”µå­ç‰ˆ/æ¯•ä¸šè®ºæ–‡LATEX/fig/fig10b.jpg (PNG co
py)>]
(C:\Users\Administrator\Desktop\éƒ­ç¾èŠ³\3ã€æ¯•ä¸šè®ºæ–‡\è®ºæ–‡ç”µå­ç‰ˆ\æ¯•ä
¸šè®ºæ–‡LATEX\book/chap6.tex
µÚ\CJKnumber {6}ÕÂ

Package hyperref Warning: Token not allowed in a PDF string (PDFDocEncoding):
(hyperref)                removing `\CJKnumber' on input line 2.

[47



]) [48]
(C:\Users\Administrator\Desktop\éƒ­ç¾èŠ³\3ã€æ¯•ä¸šè®ºæ–‡\è®ºæ–‡ç”µå­ç‰ˆ\æ¯•ä
¸šè®ºæ–‡LATEX\reference/references.tex<<c1929.cmap>> [49



] [50] [51] [52]
Underfull \hbox (badness 1365) in paragraph at lines 74--75
\OT1/ptm/m/n/12 diffusion e-qua-tion-s[J]. Jour-nal of Com-pu-ta-tion-al & Ap-p
lied Math-e-mat-ic-s, 2005,
 []

[53]) [54]
(C:\Users\Administrator\Desktop\éƒ­ç¾èŠ³\3ã€æ¯•ä¸šè®ºæ–‡\è®ºæ–‡ç”µå­ç‰ˆ\æ¯•ä
¸šè®ºæ–‡LATEX\APPENDIX/publishedpaper.tex) [55



] [56

]
(C:\Users\Administrator\Desktop\éƒ­ç¾èŠ³\3ã€æ¯•ä¸šè®ºæ–‡\è®ºæ–‡ç”µå­ç‰ˆ\æ¯•ä
¸šè®ºæ–‡LATEX\APPENDIX/acknowledgements.tex) [57


]
\tf@thm=\write6
Package atveryend Info: Empty hook `BeforeClearDocument' on input line 49.
Package atveryend Info: Empty hook `AfterLastShipout' on input line 49.

(C:\Users\Administrator\Desktop\éƒ­ç¾èŠ³\3ã€æ¯•ä¸šè®ºæ–‡\è®ºæ–‡ç”µå­ç‰ˆ\æ¯•ä
¸šè®ºæ–‡LATEX\BOOK.aux
(C:\Users\Administrator\Desktop\éƒ­ç¾èŠ³\3ã€æ¯•ä¸šè®ºæ–‡\è®ºæ–‡ç”µå­ç‰ˆ\æ¯•ä
¸šè®ºæ–‡LATEX\preface/c_abstract.aux)
(C:\Users\Administrator\Desktop\éƒ­ç¾èŠ³\3ã€æ¯•ä¸šè®ºæ–‡\è®ºæ–‡ç”µå­ç‰ˆ\æ¯•ä
¸šè®ºæ–‡LATEX\preface/e_abstract.aux)
(C:\Users\Administrator\Desktop\éƒ­ç¾èŠ³\3ã€æ¯•ä¸šè®ºæ–‡\è®ºæ–‡ç”µå­ç‰ˆ\æ¯•ä
¸šè®ºæ–‡LATEX\book/chap1.aux)
(C:\Users\Administrator\Desktop\éƒ­ç¾èŠ³\3ã€æ¯•ä¸šè®ºæ–‡\è®ºæ–‡ç”µå­ç‰ˆ\æ¯•ä
¸šè®ºæ–‡LATEX\book/chap2.aux)
(C:\Users\Administrator\Desktop\éƒ­ç¾èŠ³\3ã€æ¯•ä¸šè®ºæ–‡\è®ºæ–‡ç”µå­ç‰ˆ\æ¯•ä
¸šè®ºæ–‡LATEX\book/chap3.aux)
(C:\Users\Administrator\Desktop\éƒ­ç¾èŠ³\3ã€æ¯•ä¸šè®ºæ–‡\è®ºæ–‡ç”µå­ç‰ˆ\æ¯•ä
¸šè®ºæ–‡LATEX\book/chap4.aux)
(C:\Users\Administrator\Desktop\éƒ­ç¾èŠ³\3ã€æ¯•ä¸šè®ºæ–‡\è®ºæ–‡ç”µå­ç‰ˆ\æ¯•ä
¸šè®ºæ–‡LATEX\book/chap5.aux)
(C:\Users\Administrator\Desktop\éƒ­ç¾èŠ³\3ã€æ¯•ä¸šè®ºæ–‡\è®ºæ–‡ç”µå­ç‰ˆ\æ¯•ä
¸šè®ºæ–‡LATEX\book/chap6.aux)
(C:\Users\Administrator\Desktop\éƒ­ç¾èŠ³\3ã€æ¯•ä¸šè®ºæ–‡\è®ºæ–‡ç”µå­ç‰ˆ\æ¯•ä
¸šè®ºæ–‡LATEX\reference/references.aux)
(C:\Users\Administrator\Desktop\éƒ­ç¾èŠ³\3ã€æ¯•ä¸šè®ºæ–‡\è®ºæ–‡ç”µå­ç‰ˆ\æ¯•ä
¸šè®ºæ–‡LATEX\APPENDIX/publishedpaper.aux)
(C:\Users\Administrator\Desktop\éƒ­ç¾èŠ³\3ã€æ¯•ä¸šè®ºæ–‡\è®ºæ–‡ç”µå­ç‰ˆ\æ¯•ä
¸šè®ºæ–‡LATEX\APPENDIX/acknowledgements.aux))
Package atveryend Info: Executing hook `AtVeryEndDocument' on input line 49.
Package atveryend Info: Executing hook `AtEndAfterFileList' on input line 49.


Package rerunfilecheck Warning: File `BOOK.out' has changed.
(rerunfilecheck)                Rerun to get outlines right
(rerunfilecheck)                or use package `bookmark'.

Package rerunfilecheck Info: Checksums for `BOOK.out':
(rerunfilecheck)             Before: 809E6E1B9BD24836D5E4936D3B098C75;9278
(rerunfilecheck)             After:  8364CD5590D416B7C6427B33C95033CD;3717.

LaTeX Font Warning: Size substitutions with differences
(Font)              up to 1.28pt have occurred.


LaTeX Warning: Label(s) may have changed. Rerun to get cross-references right.

 ) 
Here is how much of TeX's memory you used:
 13870 strings out of 495354
 206922 string characters out of 3183860
 345773 words of memory out of 3000000
 15904 multiletter control sequences out of 15000+200000
 120719 words of font info for 379 fonts, out of 3000000 for 9000
 14 hyphenation exceptions out of 8191
 44i,24n,54p,1407b,1866s stack positions out of 5000i,500n,10000p,200000b,50000s
<D:/CTEX/CTeX/fonts/truetype/chinese/simsun.ttf><C:/Windows/Fonts/simhei.ttf>
<C:/Windows/Fonts/simhei.ttf><C:/Windows/Fonts/simhei.ttf><D:/CTEX/CTeX/fonts/t
ruetype/chinese/simsun.ttf><D:/CTEX/CTeX/fonts/truetype/chinese/simsun.ttf><C:/
Windows/Fonts/simhei.ttf><C:/Windows/Fonts/simhei.ttf><C:/Windows/Fonts/simhei.
ttf><C:/Windows/Fonts/simhei.ttf><C:/Windows/Fonts/simhei.ttf><C:/Windows/Fonts
/simhei.ttf><C:/Windows/Fonts/simhei.ttf><C:/Windows/Fonts/simhei.ttf><C:/Windo
ws/Fonts/simhei.ttf><C:/Windows/Fonts/simhei.ttf><C:/Windows/Fonts/simhei.ttf><
C:/Windows/Fonts/simhei.ttf>{D:/CTEX/MiKTeX/fonts/enc/dvips/fontname/8r.enc}<D:
/CTEX/CTeX/fonts/truetype/chinese/simsun.ttf><C:/Windows/Fonts/simhei.ttf><C:/W
indows/Fonts/simhei.ttf><C:/Windows/Fonts/simhei.ttf><C:/Windows/Fonts/simhei.t
tf><D:/CTEX/CTeX/fonts/truetype/chinese/simsun.ttf><D:/CTEX/CTeX/fonts/truetype
/chinese/simsun.ttf><D:/CTEX/CTeX/fonts/truetype/chinese/simsun.ttf><D:/CTEX/CT
eX/fonts/truetype/chinese/simsun.ttf><D:/CTEX/CTeX/fonts/truetype/chinese/simsu
n.ttf><D:/CTEX/CTeX/fonts/truetype/chinese/simsun.ttf><C:/Windows/Fonts/simhei.
ttf><D:/CTEX/CTeX/fonts/truetype/chinese/simsun.ttf><D:/CTEX/CTeX/fonts/truetyp
e/chinese/simsun.ttf><D:/CTEX/CTeX/fonts/truetype/chinese/simsun.ttf><D:/CTEX/C
TeX/fonts/truetype/chinese/simsun.ttf><D:/CTEX/CTeX/fonts/truetype/chinese/sims
un.ttf><D:/CTEX/CTeX/fonts/truetype/chinese/simsun.ttf><D:/CTEX/CTeX/fonts/true
type/chinese/simsun.ttf><D:/CTEX/CTeX/fonts/truetype/chinese/simsun.ttf><D:/CTE
X/CTeX/fonts/truetype/chinese/simsun.ttf><D:/CTEX/CTeX/fonts/truetype/chinese/s
imsun.ttf><D:/CTEX/CTeX/fonts/truetype/chinese/simsun.ttf><C:/Windows/Fonts/sim
hei.ttf><C:/Windows/Fonts/simhei.ttf><C:/Windows/Fonts/simhei.ttf><C:/Windows/F
onts/simhei.ttf><C:/Windows/Fonts/simhei.ttf><D:/CTEX/CTeX/fonts/truetype/chine
se/simsun.ttf><D:/CTEX/CTeX/fonts/truetype/chinese/simsun.ttf><D:/CTEX/CTeX/fon
ts/truetype/chinese/simsun.ttf><D:/CTEX/CTeX/fonts/truetype/chinese/simsun.ttf>
<D:/CTEX/CTeX/fonts/truetype/chinese/simsun.ttf><D:/CTEX/CTeX/fonts/truetype/ch
inese/simsun.ttf><D:/CTEX/CTeX/fonts/truetype/chinese/simsun.ttf><C:/Windows/Fo
nts/simhei.ttf><C:/Windows/Fonts/simhei.ttf><C:/Windows/Fonts/simhei.ttf><C:/Wi
ndows/Fonts/simhei.ttf><C:/Windows/Fonts/simhei.ttf><C:/Windows/Fonts/simhei.tt
f><D:/CTEX/CTeX/fonts/truetype/chinese/simsun.ttf><D:/CTEX/CTeX/fonts/truetype/
chinese/simsun.ttf><D:/CTEX/CTeX/fonts/truetype/chinese/simsun.ttf><D:/CTEX/CTe
X/fonts/truetype/chinese/simsun.ttf><D:/CTEX/CTeX/fonts/truetype/chinese/simsun
.ttf><D:/CTEX/CTeX/fonts/truetype/chinese/simsun.ttf><D:/CTEX/CTeX/fonts/truety
pe/chinese/simsun.ttf><D:/CTEX/CTeX/fonts/truetype/chinese/simsun.ttf><D:/CTEX/
MiKTeX/fonts/type1/public/amsfonts/cm/cmbx12.pfb><D:/CTEX/MiKTeX/fonts/type1/pu
blic/amsfonts/cm/cmbx8.pfb><D:/CTEX/MiKTeX/fonts/type1/public/amsfonts/cm/cmex1
0.pfb><D:/CTEX/MiKTeX/fonts/type1/public/amsfonts/cm/cmmi10.pfb><D:/CTEX/MiKTeX
/fonts/type1/public/amsfonts/cm/cmmi12.pfb><D:/CTEX/MiKTeX/fonts/type1/public/a
msfonts/cm/cmmi6.pfb><D:/CTEX/MiKTeX/fonts/type1/public/amsfonts/cm/cmmi7.pfb><
D:/CTEX/MiKTeX/fonts/type1/public/amsfonts/cm/cmmi8.pfb><D:/CTEX/MiKTeX/fonts/t
ype1/public/amsfonts/cm/cmr10.pfb><D:/CTEX/MiKTeX/fonts/type1/public/amsfonts/c
m/cmr12.pfb><D:/CTEX/MiKTeX/fonts/type1/public/amsfonts/cm/cmr6.pfb><D:/CTEX/Mi
KTeX/fonts/type1/public/amsfonts/cm/cmr7.pfb><D:/CTEX/MiKTeX/fonts/type1/public
/amsfonts/cm/cmr8.pfb><D:/CTEX/MiKTeX/fonts/type1/public/amsfonts/cm/cmsy10.pfb
><D:/CTEX/MiKTeX/fonts/type1/public/amsfonts/cm/cmsy6.pfb><D:/CTEX/MiKTeX/fonts
/type1/public/amsfonts/cm/cmsy7.pfb><D:/CTEX/MiKTeX/fonts/type1/public/amsfonts
/cm/cmsy8.pfb><D:/CTEX/MiKTeX/fonts/type1/urw/helvetic/uhvr8a.pfb><D:/CTEX/MiKT
eX/fonts/type1/urw/times/utmb8a.pfb><D:/CTEX/MiKTeX/fonts/type1/urw/times/utmr8
a.pfb>
Output written on BOOK.pdf (64 pages, 4337917 bytes).
PDF statistics:
 1570 PDF objects out of 1728 (max. 8388607)
 322 named destinations out of 1000 (max. 500000)
 722 words of extra memory for PDF output out of 10000 (max. 10000000)

